2009-12-03 17:15:52,296 [main] INFO  (SimpleThreadPool.java [initialize]:258) - Job execution threads will use class loader of thread: main 
2009-12-03 17:15:52,343 [main] INFO  (SchedulerSignalerImpl.java [<init>]:63) - Initialized Scheduler Signaller of type: class org.quartz.core.SchedulerSignalerImpl 
2009-12-03 17:15:52,343 [main] INFO  (QuartzScheduler.java [<init>]:215) - Quartz Scheduler v.1.6.5 created. 
2009-12-03 17:15:52,343 [main] INFO  (RAMJobStore.java [initialize]:141) - RAMJobStore initialized. 
2009-12-03 17:15:52,343 [main] INFO  (StdSchedulerFactory.java [instantiate]:1229) - Quartz scheduler 'exist_QuartzScheduler' initialized from an externally provided properties instance. 
2009-12-03 17:15:52,343 [main] INFO  (StdSchedulerFactory.java [instantiate]:1233) - Quartz scheduler version: 1.6.5 
2009-12-03 17:15:53,687 [main] INFO  (QuartzScheduler.java [start]:461) - Scheduler exist_QuartzScheduler_$_NON_CLUSTERED started. 
2009-12-03 18:26:17,578 [Thread-20] INFO  (QuartzScheduler.java [shutdown]:570) - Scheduler exist_QuartzScheduler_$_NON_CLUSTERED shutting down. 
2009-12-03 18:26:17,578 [Thread-20] INFO  (QuartzScheduler.java [standby]:496) - Scheduler exist_QuartzScheduler_$_NON_CLUSTERED paused. 
2009-12-03 18:26:17,578 [Thread-20] INFO  (QuartzScheduler.java [shutdown]:621) - Scheduler exist_QuartzScheduler_$_NON_CLUSTERED shutdown complete. 
2009-12-04 10:12:21,046 [main] INFO  (SimpleThreadPool.java [initialize]:258) - Job execution threads will use class loader of thread: main 
2009-12-04 10:12:21,093 [main] INFO  (SchedulerSignalerImpl.java [<init>]:63) - Initialized Scheduler Signaller of type: class org.quartz.core.SchedulerSignalerImpl 
2009-12-04 10:12:21,093 [main] INFO  (QuartzScheduler.java [<init>]:215) - Quartz Scheduler v.1.6.5 created. 
2009-12-04 10:12:21,109 [main] INFO  (RAMJobStore.java [initialize]:141) - RAMJobStore initialized. 
2009-12-04 10:12:21,109 [main] INFO  (StdSchedulerFactory.java [instantiate]:1229) - Quartz scheduler 'exist_QuartzScheduler' initialized from an externally provided properties instance. 
2009-12-04 10:12:21,109 [main] INFO  (StdSchedulerFactory.java [instantiate]:1233) - Quartz scheduler version: 1.6.5 
2009-12-04 10:12:22,406 [main] INFO  (QuartzScheduler.java [start]:461) - Scheduler exist_QuartzScheduler_$_NON_CLUSTERED started. 
2009-12-04 11:48:15,406 [Thread-20] INFO  (QuartzScheduler.java [shutdown]:570) - Scheduler exist_QuartzScheduler_$_NON_CLUSTERED shutting down. 
2009-12-04 11:48:15,406 [Thread-20] INFO  (QuartzScheduler.java [standby]:496) - Scheduler exist_QuartzScheduler_$_NON_CLUSTERED paused. 
2009-12-04 11:48:15,421 [Thread-20] INFO  (QuartzScheduler.java [shutdown]:621) - Scheduler exist_QuartzScheduler_$_NON_CLUSTERED shutdown complete. 
2009-12-04 11:50:34,125 [main] INFO  (SimpleThreadPool.java [initialize]:258) - Job execution threads will use class loader of thread: main 
2009-12-04 11:50:34,171 [main] INFO  (SchedulerSignalerImpl.java [<init>]:63) - Initialized Scheduler Signaller of type: class org.quartz.core.SchedulerSignalerImpl 
2009-12-04 11:50:34,171 [main] INFO  (QuartzScheduler.java [<init>]:215) - Quartz Scheduler v.1.6.5 created. 
2009-12-04 11:50:34,171 [main] INFO  (RAMJobStore.java [initialize]:141) - RAMJobStore initialized. 
2009-12-04 11:50:34,171 [main] INFO  (StdSchedulerFactory.java [instantiate]:1229) - Quartz scheduler 'exist_QuartzScheduler' initialized from an externally provided properties instance. 
2009-12-04 11:50:34,171 [main] INFO  (StdSchedulerFactory.java [instantiate]:1233) - Quartz scheduler version: 1.6.5 
2009-12-04 11:50:35,656 [main] INFO  (QuartzScheduler.java [start]:461) - Scheduler exist_QuartzScheduler_$_NON_CLUSTERED started. 
2009-12-04 11:53:06,046 [Thread-20] INFO  (QuartzScheduler.java [shutdown]:570) - Scheduler exist_QuartzScheduler_$_NON_CLUSTERED shutting down. 
2009-12-04 11:53:06,062 [Thread-20] INFO  (QuartzScheduler.java [standby]:496) - Scheduler exist_QuartzScheduler_$_NON_CLUSTERED paused. 
2009-12-04 11:53:06,093 [Thread-20] INFO  (QuartzScheduler.java [shutdown]:621) - Scheduler exist_QuartzScheduler_$_NON_CLUSTERED shutdown complete. 
2009-12-04 13:14:41,531 [main] INFO  (SimpleThreadPool.java [initialize]:258) - Job execution threads will use class loader of thread: main 
2009-12-04 13:14:41,578 [main] INFO  (SchedulerSignalerImpl.java [<init>]:63) - Initialized Scheduler Signaller of type: class org.quartz.core.SchedulerSignalerImpl 
2009-12-04 13:14:41,578 [main] INFO  (QuartzScheduler.java [<init>]:215) - Quartz Scheduler v.1.6.5 created. 
2009-12-04 13:14:41,578 [main] INFO  (RAMJobStore.java [initialize]:141) - RAMJobStore initialized. 
2009-12-04 13:14:41,593 [main] INFO  (StdSchedulerFactory.java [instantiate]:1229) - Quartz scheduler 'exist_QuartzScheduler' initialized from an externally provided properties instance. 
2009-12-04 13:14:41,593 [main] INFO  (StdSchedulerFactory.java [instantiate]:1233) - Quartz scheduler version: 1.6.5 
2009-12-04 13:14:42,984 [main] INFO  (QuartzScheduler.java [start]:461) - Scheduler exist_QuartzScheduler_$_NON_CLUSTERED started. 
2009-12-04 13:55:18,515 [Thread-21] INFO  (QuartzScheduler.java [shutdown]:570) - Scheduler exist_QuartzScheduler_$_NON_CLUSTERED shutting down. 
2009-12-04 13:55:18,562 [Thread-21] INFO  (QuartzScheduler.java [standby]:496) - Scheduler exist_QuartzScheduler_$_NON_CLUSTERED paused. 
2009-12-04 13:55:18,578 [Thread-21] INFO  (QuartzScheduler.java [shutdown]:621) - Scheduler exist_QuartzScheduler_$_NON_CLUSTERED shutdown complete. 
2009-12-04 13:56:55,468 [main] INFO  (SimpleThreadPool.java [initialize]:258) - Job execution threads will use class loader of thread: main 
2009-12-04 13:56:55,562 [main] INFO  (SchedulerSignalerImpl.java [<init>]:63) - Initialized Scheduler Signaller of type: class org.quartz.core.SchedulerSignalerImpl 
2009-12-04 13:56:55,562 [main] INFO  (QuartzScheduler.java [<init>]:215) - Quartz Scheduler v.1.6.5 created. 
2009-12-04 13:56:55,562 [main] INFO  (RAMJobStore.java [initialize]:141) - RAMJobStore initialized. 
2009-12-04 13:56:55,562 [main] INFO  (StdSchedulerFactory.java [instantiate]:1229) - Quartz scheduler 'exist_QuartzScheduler' initialized from an externally provided properties instance. 
2009-12-04 13:56:55,562 [main] INFO  (StdSchedulerFactory.java [instantiate]:1233) - Quartz scheduler version: 1.6.5 
2009-12-04 13:56:56,968 [main] INFO  (QuartzScheduler.java [start]:461) - Scheduler exist_QuartzScheduler_$_NON_CLUSTERED started. 
2009-12-04 14:18:08,312 [Thread-21] INFO  (QuartzScheduler.java [shutdown]:570) - Scheduler exist_QuartzScheduler_$_NON_CLUSTERED shutting down. 
2009-12-04 14:18:08,312 [Thread-21] INFO  (QuartzScheduler.java [standby]:496) - Scheduler exist_QuartzScheduler_$_NON_CLUSTERED paused. 
2009-12-04 14:18:08,328 [Thread-21] INFO  (QuartzScheduler.java [shutdown]:621) - Scheduler exist_QuartzScheduler_$_NON_CLUSTERED shutdown complete. 
2009-12-04 16:12:16,703 [main] INFO  (SimpleThreadPool.java [initialize]:258) - Job execution threads will use class loader of thread: main 
2009-12-04 16:12:16,750 [main] INFO  (SchedulerSignalerImpl.java [<init>]:63) - Initialized Scheduler Signaller of type: class org.quartz.core.SchedulerSignalerImpl 
2009-12-04 16:12:16,750 [main] INFO  (QuartzScheduler.java [<init>]:215) - Quartz Scheduler v.1.6.5 created. 
2009-12-04 16:12:16,765 [main] INFO  (RAMJobStore.java [initialize]:141) - RAMJobStore initialized. 
2009-12-04 16:12:16,765 [main] INFO  (StdSchedulerFactory.java [instantiate]:1229) - Quartz scheduler 'exist_QuartzScheduler' initialized from an externally provided properties instance. 
2009-12-04 16:12:16,765 [main] INFO  (StdSchedulerFactory.java [instantiate]:1233) - Quartz scheduler version: 1.6.5 
2009-12-04 16:12:18,843 [main] INFO  (QuartzScheduler.java [start]:461) - Scheduler exist_QuartzScheduler_$_NON_CLUSTERED started. 
2009-12-04 16:16:14,859 [Thread-23] INFO  (QuartzScheduler.java [shutdown]:570) - Scheduler exist_QuartzScheduler_$_NON_CLUSTERED shutting down. 
2009-12-04 16:16:14,875 [Thread-23] INFO  (QuartzScheduler.java [standby]:496) - Scheduler exist_QuartzScheduler_$_NON_CLUSTERED paused. 
2009-12-04 16:16:14,890 [Thread-23] INFO  (QuartzScheduler.java [shutdown]:621) - Scheduler exist_QuartzScheduler_$_NON_CLUSTERED shutdown complete. 
2009-12-04 16:31:23,046 [main] INFO  (SimpleThreadPool.java [initialize]:258) - Job execution threads will use class loader of thread: main 
2009-12-04 16:31:23,093 [main] INFO  (SchedulerSignalerImpl.java [<init>]:63) - Initialized Scheduler Signaller of type: class org.quartz.core.SchedulerSignalerImpl 
2009-12-04 16:31:23,093 [main] INFO  (QuartzScheduler.java [<init>]:215) - Quartz Scheduler v.1.6.5 created. 
2009-12-04 16:31:23,093 [main] INFO  (RAMJobStore.java [initialize]:141) - RAMJobStore initialized. 
2009-12-04 16:31:23,093 [main] INFO  (StdSchedulerFactory.java [instantiate]:1229) - Quartz scheduler 'exist_QuartzScheduler' initialized from an externally provided properties instance. 
2009-12-04 16:31:23,093 [main] INFO  (StdSchedulerFactory.java [instantiate]:1233) - Quartz scheduler version: 1.6.5 
2009-12-04 16:31:24,453 [main] INFO  (QuartzScheduler.java [start]:461) - Scheduler exist_QuartzScheduler_$_NON_CLUSTERED started. 
2009-12-04 16:34:29,843 [Thread-13] INFO  (QuartzScheduler.java [shutdown]:570) - Scheduler exist_QuartzScheduler_$_NON_CLUSTERED shutting down. 
2009-12-04 16:34:29,843 [Thread-13] INFO  (QuartzScheduler.java [standby]:496) - Scheduler exist_QuartzScheduler_$_NON_CLUSTERED paused. 
2009-12-04 16:34:29,843 [Thread-13] INFO  (QuartzScheduler.java [shutdown]:621) - Scheduler exist_QuartzScheduler_$_NON_CLUSTERED shutdown complete. 
2009-12-04 17:14:08,234 [main] INFO  (SimpleThreadPool.java [initialize]:258) - Job execution threads will use class loader of thread: main 
2009-12-04 17:14:08,265 [main] INFO  (SchedulerSignalerImpl.java [<init>]:63) - Initialized Scheduler Signaller of type: class org.quartz.core.SchedulerSignalerImpl 
2009-12-04 17:14:08,265 [main] INFO  (QuartzScheduler.java [<init>]:215) - Quartz Scheduler v.1.6.5 created. 
2009-12-04 17:14:08,265 [main] INFO  (RAMJobStore.java [initialize]:141) - RAMJobStore initialized. 
2009-12-04 17:14:08,265 [main] INFO  (StdSchedulerFactory.java [instantiate]:1229) - Quartz scheduler 'exist_QuartzScheduler' initialized from an externally provided properties instance. 
2009-12-04 17:14:08,265 [main] INFO  (StdSchedulerFactory.java [instantiate]:1233) - Quartz scheduler version: 1.6.5 
2009-12-04 17:14:09,671 [main] INFO  (QuartzScheduler.java [start]:461) - Scheduler exist_QuartzScheduler_$_NON_CLUSTERED started. 
2009-12-04 17:15:43,812 [Thread-14] INFO  (QuartzScheduler.java [shutdown]:570) - Scheduler exist_QuartzScheduler_$_NON_CLUSTERED shutting down. 
2009-12-04 17:15:43,812 [Thread-14] INFO  (QuartzScheduler.java [standby]:496) - Scheduler exist_QuartzScheduler_$_NON_CLUSTERED paused. 
2009-12-04 17:15:43,812 [Thread-14] INFO  (QuartzScheduler.java [shutdown]:621) - Scheduler exist_QuartzScheduler_$_NON_CLUSTERED shutdown complete. 
2009-12-04 17:33:02,609 [main] INFO  (SimpleThreadPool.java [initialize]:258) - Job execution threads will use class loader of thread: main 
2009-12-04 17:33:02,656 [main] INFO  (SchedulerSignalerImpl.java [<init>]:63) - Initialized Scheduler Signaller of type: class org.quartz.core.SchedulerSignalerImpl 
2009-12-04 17:33:02,656 [main] INFO  (QuartzScheduler.java [<init>]:215) - Quartz Scheduler v.1.6.5 created. 
2009-12-04 17:33:02,656 [main] INFO  (RAMJobStore.java [initialize]:141) - RAMJobStore initialized. 
2009-12-04 17:33:02,656 [main] INFO  (StdSchedulerFactory.java [instantiate]:1229) - Quartz scheduler 'exist_QuartzScheduler' initialized from an externally provided properties instance. 
2009-12-04 17:33:02,656 [main] INFO  (StdSchedulerFactory.java [instantiate]:1233) - Quartz scheduler version: 1.6.5 
2009-12-04 17:33:04,453 [main] INFO  (QuartzScheduler.java [start]:461) - Scheduler exist_QuartzScheduler_$_NON_CLUSTERED started. 
2009-12-04 17:36:41,234 [Thread-14] INFO  (QuartzScheduler.java [shutdown]:570) - Scheduler exist_QuartzScheduler_$_NON_CLUSTERED shutting down. 
2009-12-04 17:36:41,250 [Thread-14] INFO  (QuartzScheduler.java [standby]:496) - Scheduler exist_QuartzScheduler_$_NON_CLUSTERED paused. 
2009-12-04 17:36:41,265 [Thread-14] INFO  (QuartzScheduler.java [shutdown]:621) - Scheduler exist_QuartzScheduler_$_NON_CLUSTERED shutdown complete. 
2009-12-04 17:42:40,328 [main] INFO  (SimpleThreadPool.java [initialize]:258) - Job execution threads will use class loader of thread: main 
2009-12-04 17:42:40,359 [main] INFO  (SchedulerSignalerImpl.java [<init>]:63) - Initialized Scheduler Signaller of type: class org.quartz.core.SchedulerSignalerImpl 
2009-12-04 17:42:40,359 [main] INFO  (QuartzScheduler.java [<init>]:215) - Quartz Scheduler v.1.6.5 created. 
2009-12-04 17:42:40,375 [main] INFO  (RAMJobStore.java [initialize]:141) - RAMJobStore initialized. 
2009-12-04 17:42:40,375 [main] INFO  (StdSchedulerFactory.java [instantiate]:1229) - Quartz scheduler 'exist_QuartzScheduler' initialized from an externally provided properties instance. 
2009-12-04 17:42:40,375 [main] INFO  (StdSchedulerFactory.java [instantiate]:1233) - Quartz scheduler version: 1.6.5 
2009-12-04 17:42:41,453 [main] INFO  (QuartzScheduler.java [start]:461) - Scheduler exist_QuartzScheduler_$_NON_CLUSTERED started. 
2009-12-04 17:52:17,953 [Thread-20] INFO  (QuartzScheduler.java [shutdown]:570) - Scheduler exist_QuartzScheduler_$_NON_CLUSTERED shutting down. 
2009-12-04 17:52:17,968 [Thread-20] INFO  (QuartzScheduler.java [standby]:496) - Scheduler exist_QuartzScheduler_$_NON_CLUSTERED paused. 
2009-12-04 17:52:18,000 [Thread-20] INFO  (QuartzScheduler.java [shutdown]:621) - Scheduler exist_QuartzScheduler_$_NON_CLUSTERED shutdown complete. 
