2009-12-03 17:29:10,031 [http-0.0.0.0-8080-5] ERROR (XQueryURLRewrite.java [doFilter]:359) -  
ClientAbortException:  java.net.SocketException: Software caused connection abort: socket write error
	at org.apache.catalina.connector.OutputBuffer.doFlush(OutputBuffer.java:319)
	at org.apache.catalina.connector.OutputBuffer.flush(OutputBuffer.java:288)
	at org.apache.catalina.connector.Response.flushBuffer(Response.java:542)
	at org.apache.catalina.connector.ResponseFacade.flushBuffer(ResponseFacade.java:279)
	at javax.servlet.ServletResponseWrapper.flushBuffer(ServletResponseWrapper.java:166)
	at org.exist.http.urlrewrite.XQueryURLRewrite$CachingResponseWrapper.flushBuffer(XQueryURLRewrite.java:1082)
	at org.exist.http.urlrewrite.XQueryURLRewrite.doFilter(XQueryURLRewrite.java:326)
	at org.apache.catalina.core.ApplicationFilterChain.internalDoFilter(ApplicationFilterChain.java:235)
	at org.apache.catalina.core.ApplicationFilterChain.doFilter(ApplicationFilterChain.java:206)
	at org.jboss.web.tomcat.filters.ReplyHeaderFilter.doFilter(ReplyHeaderFilter.java:96)
	at org.apache.catalina.core.ApplicationFilterChain.internalDoFilter(ApplicationFilterChain.java:235)
	at org.apache.catalina.core.ApplicationFilterChain.doFilter(ApplicationFilterChain.java:206)
	at org.apache.catalina.core.StandardWrapperValve.invoke(StandardWrapperValve.java:230)
	at org.apache.catalina.core.StandardContextValve.invoke(StandardContextValve.java:175)
	at org.jboss.web.tomcat.security.SecurityAssociationValve.invoke(SecurityAssociationValve.java:179)
	at org.jboss.web.tomcat.security.JaccContextValve.invoke(JaccContextValve.java:84)
	at org.apache.catalina.core.StandardHostValve.invoke(StandardHostValve.java:127)
	at org.apache.catalina.valves.ErrorReportValve.invoke(ErrorReportValve.java:102)
	at org.jboss.web.tomcat.service.jca.CachedConnectionValve.invoke(CachedConnectionValve.java:157)
	at org.apache.catalina.authenticator.SingleSignOn.invoke(SingleSignOn.java:420)
	at org.apache.catalina.core.StandardEngineValve.invoke(StandardEngineValve.java:109)
	at org.apache.catalina.connector.CoyoteAdapter.service(CoyoteAdapter.java:262)
	at org.apache.coyote.http11.Http11Processor.process(Http11Processor.java:844)
	at org.apache.coyote.http11.Http11Protocol$Http11ConnectionHandler.process(Http11Protocol.java:583)
	at org.apache.tomcat.util.net.JIoEndpoint$Worker.run(JIoEndpoint.java:446)
	at java.lang.Thread.run(Thread.java:619)
Caused by: java.net.SocketException: Software caused connection abort: socket write error
	at java.net.SocketOutputStream.socketWrite0(Native Method)
	at java.net.SocketOutputStream.socketWrite(SocketOutputStream.java:92)
	at java.net.SocketOutputStream.write(SocketOutputStream.java:136)
	at org.apache.coyote.http11.InternalOutputBuffer.realWriteBytes(InternalOutputBuffer.java:737)
	at org.apache.tomcat.util.buf.ByteChunk.flushBuffer(ByteChunk.java:434)
	at org.apache.coyote.http11.InternalOutputBuffer.flush(InternalOutputBuffer.java:299)
	at org.apache.coyote.http11.Http11Processor.action(Http11Processor.java:963)
	at org.apache.coyote.Response.action(Response.java:183)
	at org.apache.catalina.connector.OutputBuffer.doFlush(OutputBuffer.java:314)
	... 25 more
2009-12-03 18:26:18,015 [http-0.0.0.0-8080-11] ERROR (XQueryURLRewrite.java [doFilter]:359) - Could not intialize db: database instance 'exist' is not available 
javax.servlet.ServletException: Could not intialize db: database instance 'exist' is not available
	at org.exist.http.urlrewrite.XQueryURLRewrite.configure(XQueryURLRewrite.java:497)
	at org.exist.http.urlrewrite.XQueryURLRewrite.doFilter(XQueryURLRewrite.java:194)
	at org.apache.catalina.core.ApplicationFilterChain.internalDoFilter(ApplicationFilterChain.java:235)
	at org.apache.catalina.core.ApplicationFilterChain.doFilter(ApplicationFilterChain.java:206)
	at org.jboss.web.tomcat.filters.ReplyHeaderFilter.doFilter(ReplyHeaderFilter.java:96)
	at org.apache.catalina.core.ApplicationFilterChain.internalDoFilter(ApplicationFilterChain.java:235)
	at org.apache.catalina.core.ApplicationFilterChain.doFilter(ApplicationFilterChain.java:206)
	at org.apache.catalina.core.StandardWrapperValve.invoke(StandardWrapperValve.java:230)
	at org.apache.catalina.core.StandardContextValve.invoke(StandardContextValve.java:175)
	at org.jboss.web.tomcat.security.SecurityAssociationValve.invoke(SecurityAssociationValve.java:179)
	at org.jboss.web.tomcat.security.JaccContextValve.invoke(JaccContextValve.java:84)
	at org.apache.catalina.core.StandardHostValve.invoke(StandardHostValve.java:127)
	at org.apache.catalina.valves.ErrorReportValve.invoke(ErrorReportValve.java:102)
	at org.jboss.web.tomcat.service.jca.CachedConnectionValve.invoke(CachedConnectionValve.java:157)
	at org.apache.catalina.authenticator.SingleSignOn.invoke(SingleSignOn.java:393)
	at org.apache.catalina.core.StandardEngineValve.invoke(StandardEngineValve.java:109)
	at org.apache.catalina.connector.CoyoteAdapter.service(CoyoteAdapter.java:262)
	at org.apache.coyote.http11.Http11Processor.process(Http11Processor.java:844)
	at org.apache.coyote.http11.Http11Protocol$Http11ConnectionHandler.process(Http11Protocol.java:583)
	at org.apache.tomcat.util.net.JIoEndpoint$Worker.run(JIoEndpoint.java:446)
	at java.lang.Thread.run(Thread.java:619)
Caused by: org.exist.EXistException: database instance 'exist' is not available
	at org.exist.storage.BrokerPool.getInstance(BrokerPool.java:291)
	at org.exist.storage.BrokerPool.getInstance(BrokerPool.java:276)
	at org.exist.http.urlrewrite.XQueryURLRewrite.configure(XQueryURLRewrite.java:490)
	... 20 more
2009-12-03 18:26:18,046 [http-0.0.0.0-8080-11] ERROR (XQueryURLRewrite.java [doFilter]:359) - Could not intialize db: database instance 'exist' is not available 
javax.servlet.ServletException: Could not intialize db: database instance 'exist' is not available
	at org.exist.http.urlrewrite.XQueryURLRewrite.configure(XQueryURLRewrite.java:497)
	at org.exist.http.urlrewrite.XQueryURLRewrite.doFilter(XQueryURLRewrite.java:194)
	at org.apache.catalina.core.ApplicationFilterChain.internalDoFilter(ApplicationFilterChain.java:235)
	at org.apache.catalina.core.ApplicationFilterChain.doFilter(ApplicationFilterChain.java:206)
	at org.jboss.web.tomcat.filters.ReplyHeaderFilter.doFilter(ReplyHeaderFilter.java:96)
	at org.apache.catalina.core.ApplicationFilterChain.internalDoFilter(ApplicationFilterChain.java:235)
	at org.apache.catalina.core.ApplicationFilterChain.doFilter(ApplicationFilterChain.java:206)
	at org.apache.catalina.core.StandardWrapperValve.invoke(StandardWrapperValve.java:230)
	at org.apache.catalina.core.StandardContextValve.invoke(StandardContextValve.java:175)
	at org.jboss.web.tomcat.security.SecurityAssociationValve.invoke(SecurityAssociationValve.java:179)
	at org.jboss.web.tomcat.security.JaccContextValve.invoke(JaccContextValve.java:84)
	at org.apache.catalina.core.StandardHostValve.invoke(StandardHostValve.java:127)
	at org.apache.catalina.valves.ErrorReportValve.invoke(ErrorReportValve.java:102)
	at org.jboss.web.tomcat.service.jca.CachedConnectionValve.invoke(CachedConnectionValve.java:157)
	at org.apache.catalina.authenticator.SingleSignOn.invoke(SingleSignOn.java:393)
	at org.apache.catalina.core.StandardEngineValve.invoke(StandardEngineValve.java:109)
	at org.apache.catalina.connector.CoyoteAdapter.service(CoyoteAdapter.java:262)
	at org.apache.coyote.http11.Http11Processor.process(Http11Processor.java:844)
	at org.apache.coyote.http11.Http11Protocol$Http11ConnectionHandler.process(Http11Protocol.java:583)
	at org.apache.tomcat.util.net.JIoEndpoint$Worker.run(JIoEndpoint.java:446)
	at java.lang.Thread.run(Thread.java:619)
Caused by: org.exist.EXistException: database instance 'exist' is not available
	at org.exist.storage.BrokerPool.getInstance(BrokerPool.java:291)
	at org.exist.storage.BrokerPool.getInstance(BrokerPool.java:276)
	at org.exist.http.urlrewrite.XQueryURLRewrite.configure(XQueryURLRewrite.java:490)
	... 20 more
2009-12-03 18:26:18,093 [http-0.0.0.0-8080-11] ERROR (XQueryURLRewrite.java [doFilter]:359) - Could not intialize db: database instance 'exist' is not available 
javax.servlet.ServletException: Could not intialize db: database instance 'exist' is not available
	at org.exist.http.urlrewrite.XQueryURLRewrite.configure(XQueryURLRewrite.java:497)
	at org.exist.http.urlrewrite.XQueryURLRewrite.doFilter(XQueryURLRewrite.java:194)
	at org.apache.catalina.core.ApplicationFilterChain.internalDoFilter(ApplicationFilterChain.java:235)
	at org.apache.catalina.core.ApplicationFilterChain.doFilter(ApplicationFilterChain.java:206)
	at org.jboss.web.tomcat.filters.ReplyHeaderFilter.doFilter(ReplyHeaderFilter.java:96)
	at org.apache.catalina.core.ApplicationFilterChain.internalDoFilter(ApplicationFilterChain.java:235)
	at org.apache.catalina.core.ApplicationFilterChain.doFilter(ApplicationFilterChain.java:206)
	at org.apache.catalina.core.StandardWrapperValve.invoke(StandardWrapperValve.java:230)
	at org.apache.catalina.core.StandardContextValve.invoke(StandardContextValve.java:175)
	at org.jboss.web.tomcat.security.SecurityAssociationValve.invoke(SecurityAssociationValve.java:179)
	at org.jboss.web.tomcat.security.JaccContextValve.invoke(JaccContextValve.java:84)
	at org.apache.catalina.core.StandardHostValve.invoke(StandardHostValve.java:127)
	at org.apache.catalina.valves.ErrorReportValve.invoke(ErrorReportValve.java:102)
	at org.jboss.web.tomcat.service.jca.CachedConnectionValve.invoke(CachedConnectionValve.java:157)
	at org.apache.catalina.authenticator.SingleSignOn.invoke(SingleSignOn.java:393)
	at org.apache.catalina.core.StandardEngineValve.invoke(StandardEngineValve.java:109)
	at org.apache.catalina.connector.CoyoteAdapter.service(CoyoteAdapter.java:262)
	at org.apache.coyote.http11.Http11Processor.process(Http11Processor.java:844)
	at org.apache.coyote.http11.Http11Protocol$Http11ConnectionHandler.process(Http11Protocol.java:583)
	at org.apache.tomcat.util.net.JIoEndpoint$Worker.run(JIoEndpoint.java:446)
	at java.lang.Thread.run(Thread.java:619)
Caused by: org.exist.EXistException: database instance 'exist' is not available
	at org.exist.storage.BrokerPool.getInstance(BrokerPool.java:291)
	at org.exist.storage.BrokerPool.getInstance(BrokerPool.java:276)
	at org.exist.http.urlrewrite.XQueryURLRewrite.configure(XQueryURLRewrite.java:490)
	... 20 more
2009-12-03 18:26:18,140 [http-0.0.0.0-8080-11] ERROR (XQueryURLRewrite.java [doFilter]:359) - Could not intialize db: database instance 'exist' is not available 
javax.servlet.ServletException: Could not intialize db: database instance 'exist' is not available
	at org.exist.http.urlrewrite.XQueryURLRewrite.configure(XQueryURLRewrite.java:497)
	at org.exist.http.urlrewrite.XQueryURLRewrite.doFilter(XQueryURLRewrite.java:194)
	at org.apache.catalina.core.ApplicationFilterChain.internalDoFilter(ApplicationFilterChain.java:235)
	at org.apache.catalina.core.ApplicationFilterChain.doFilter(ApplicationFilterChain.java:206)
	at org.jboss.web.tomcat.filters.ReplyHeaderFilter.doFilter(ReplyHeaderFilter.java:96)
	at org.apache.catalina.core.ApplicationFilterChain.internalDoFilter(ApplicationFilterChain.java:235)
	at org.apache.catalina.core.ApplicationFilterChain.doFilter(ApplicationFilterChain.java:206)
	at org.apache.catalina.core.StandardWrapperValve.invoke(StandardWrapperValve.java:230)
	at org.apache.catalina.core.StandardContextValve.invoke(StandardContextValve.java:175)
	at org.jboss.web.tomcat.security.SecurityAssociationValve.invoke(SecurityAssociationValve.java:179)
	at org.jboss.web.tomcat.security.JaccContextValve.invoke(JaccContextValve.java:84)
	at org.apache.catalina.core.StandardHostValve.invoke(StandardHostValve.java:127)
	at org.apache.catalina.valves.ErrorReportValve.invoke(ErrorReportValve.java:102)
	at org.jboss.web.tomcat.service.jca.CachedConnectionValve.invoke(CachedConnectionValve.java:157)
	at org.apache.catalina.authenticator.SingleSignOn.invoke(SingleSignOn.java:393)
	at org.apache.catalina.core.StandardEngineValve.invoke(StandardEngineValve.java:109)
	at org.apache.catalina.connector.CoyoteAdapter.service(CoyoteAdapter.java:262)
	at org.apache.coyote.http11.Http11Processor.process(Http11Processor.java:844)
	at org.apache.coyote.http11.Http11Protocol$Http11ConnectionHandler.process(Http11Protocol.java:583)
	at org.apache.tomcat.util.net.JIoEndpoint$Worker.run(JIoEndpoint.java:446)
	at java.lang.Thread.run(Thread.java:619)
Caused by: org.exist.EXistException: database instance 'exist' is not available
	at org.exist.storage.BrokerPool.getInstance(BrokerPool.java:291)
	at org.exist.storage.BrokerPool.getInstance(BrokerPool.java:276)
	at org.exist.http.urlrewrite.XQueryURLRewrite.configure(XQueryURLRewrite.java:490)
	... 20 more
2009-12-04 16:16:15,250 [http-0.0.0.0-8080-13] ERROR (XQueryURLRewrite.java [doFilter]:359) - Could not intialize db: database instance 'exist' is not available 
javax.servlet.ServletException: Could not intialize db: database instance 'exist' is not available
	at org.exist.http.urlrewrite.XQueryURLRewrite.configure(XQueryURLRewrite.java:497)
	at org.exist.http.urlrewrite.XQueryURLRewrite.doFilter(XQueryURLRewrite.java:194)
	at org.apache.catalina.core.ApplicationFilterChain.internalDoFilter(ApplicationFilterChain.java:235)
	at org.apache.catalina.core.ApplicationFilterChain.doFilter(ApplicationFilterChain.java:206)
	at org.jboss.web.tomcat.filters.ReplyHeaderFilter.doFilter(ReplyHeaderFilter.java:96)
	at org.apache.catalina.core.ApplicationFilterChain.internalDoFilter(ApplicationFilterChain.java:235)
	at org.apache.catalina.core.ApplicationFilterChain.doFilter(ApplicationFilterChain.java:206)
	at org.apache.catalina.core.StandardWrapperValve.invoke(StandardWrapperValve.java:230)
	at org.apache.catalina.core.StandardContextValve.invoke(StandardContextValve.java:175)
	at org.jboss.web.tomcat.security.SecurityAssociationValve.invoke(SecurityAssociationValve.java:179)
	at org.jboss.web.tomcat.security.JaccContextValve.invoke(JaccContextValve.java:84)
	at org.apache.catalina.core.StandardHostValve.invoke(StandardHostValve.java:127)
	at org.apache.catalina.valves.ErrorReportValve.invoke(ErrorReportValve.java:102)
	at org.jboss.web.tomcat.service.jca.CachedConnectionValve.invoke(CachedConnectionValve.java:157)
	at org.apache.catalina.authenticator.SingleSignOn.invoke(SingleSignOn.java:393)
	at org.apache.catalina.core.StandardEngineValve.invoke(StandardEngineValve.java:109)
	at org.apache.catalina.connector.CoyoteAdapter.service(CoyoteAdapter.java:262)
	at org.apache.coyote.http11.Http11Processor.process(Http11Processor.java:844)
	at org.apache.coyote.http11.Http11Protocol$Http11ConnectionHandler.process(Http11Protocol.java:583)
	at org.apache.tomcat.util.net.JIoEndpoint$Worker.run(JIoEndpoint.java:446)
	at java.lang.Thread.run(Thread.java:619)
Caused by: org.exist.EXistException: database instance 'exist' is not available
	at org.exist.storage.BrokerPool.getInstance(BrokerPool.java:291)
	at org.exist.storage.BrokerPool.getInstance(BrokerPool.java:276)
	at org.exist.http.urlrewrite.XQueryURLRewrite.configure(XQueryURLRewrite.java:490)
	... 20 more
2009-12-04 16:16:15,312 [http-0.0.0.0-8080-13] ERROR (XQueryURLRewrite.java [doFilter]:359) - Could not intialize db: database instance 'exist' is not available 
javax.servlet.ServletException: Could not intialize db: database instance 'exist' is not available
	at org.exist.http.urlrewrite.XQueryURLRewrite.configure(XQueryURLRewrite.java:497)
	at org.exist.http.urlrewrite.XQueryURLRewrite.doFilter(XQueryURLRewrite.java:194)
	at org.apache.catalina.core.ApplicationFilterChain.internalDoFilter(ApplicationFilterChain.java:235)
	at org.apache.catalina.core.ApplicationFilterChain.doFilter(ApplicationFilterChain.java:206)
	at org.jboss.web.tomcat.filters.ReplyHeaderFilter.doFilter(ReplyHeaderFilter.java:96)
	at org.apache.catalina.core.ApplicationFilterChain.internalDoFilter(ApplicationFilterChain.java:235)
	at org.apache.catalina.core.ApplicationFilterChain.doFilter(ApplicationFilterChain.java:206)
	at org.apache.catalina.core.StandardWrapperValve.invoke(StandardWrapperValve.java:230)
	at org.apache.catalina.core.StandardContextValve.invoke(StandardContextValve.java:175)
	at org.jboss.web.tomcat.security.SecurityAssociationValve.invoke(SecurityAssociationValve.java:179)
	at org.jboss.web.tomcat.security.JaccContextValve.invoke(JaccContextValve.java:84)
	at org.apache.catalina.core.StandardHostValve.invoke(StandardHostValve.java:127)
	at org.apache.catalina.valves.ErrorReportValve.invoke(ErrorReportValve.java:102)
	at org.jboss.web.tomcat.service.jca.CachedConnectionValve.invoke(CachedConnectionValve.java:157)
	at org.apache.catalina.authenticator.SingleSignOn.invoke(SingleSignOn.java:393)
	at org.apache.catalina.core.StandardEngineValve.invoke(StandardEngineValve.java:109)
	at org.apache.catalina.connector.CoyoteAdapter.service(CoyoteAdapter.java:262)
	at org.apache.coyote.http11.Http11Processor.process(Http11Processor.java:844)
	at org.apache.coyote.http11.Http11Protocol$Http11ConnectionHandler.process(Http11Protocol.java:583)
	at org.apache.tomcat.util.net.JIoEndpoint$Worker.run(JIoEndpoint.java:446)
	at java.lang.Thread.run(Thread.java:619)
Caused by: org.exist.EXistException: database instance 'exist' is not available
	at org.exist.storage.BrokerPool.getInstance(BrokerPool.java:291)
	at org.exist.storage.BrokerPool.getInstance(BrokerPool.java:276)
	at org.exist.http.urlrewrite.XQueryURLRewrite.configure(XQueryURLRewrite.java:490)
	... 20 more
2009-12-04 16:16:15,375 [http-0.0.0.0-8080-13] ERROR (XQueryURLRewrite.java [doFilter]:359) - Could not intialize db: database instance 'exist' is not available 
javax.servlet.ServletException: Could not intialize db: database instance 'exist' is not available
	at org.exist.http.urlrewrite.XQueryURLRewrite.configure(XQueryURLRewrite.java:497)
	at org.exist.http.urlrewrite.XQueryURLRewrite.doFilter(XQueryURLRewrite.java:194)
	at org.apache.catalina.core.ApplicationFilterChain.internalDoFilter(ApplicationFilterChain.java:235)
	at org.apache.catalina.core.ApplicationFilterChain.doFilter(ApplicationFilterChain.java:206)
	at org.jboss.web.tomcat.filters.ReplyHeaderFilter.doFilter(ReplyHeaderFilter.java:96)
	at org.apache.catalina.core.ApplicationFilterChain.internalDoFilter(ApplicationFilterChain.java:235)
	at org.apache.catalina.core.ApplicationFilterChain.doFilter(ApplicationFilterChain.java:206)
	at org.apache.catalina.core.StandardWrapperValve.invoke(StandardWrapperValve.java:230)
	at org.apache.catalina.core.StandardContextValve.invoke(StandardContextValve.java:175)
	at org.jboss.web.tomcat.security.SecurityAssociationValve.invoke(SecurityAssociationValve.java:179)
	at org.jboss.web.tomcat.security.JaccContextValve.invoke(JaccContextValve.java:84)
	at org.apache.catalina.core.StandardHostValve.invoke(StandardHostValve.java:127)
	at org.apache.catalina.valves.ErrorReportValve.invoke(ErrorReportValve.java:102)
	at org.jboss.web.tomcat.service.jca.CachedConnectionValve.invoke(CachedConnectionValve.java:157)
	at org.apache.catalina.authenticator.SingleSignOn.invoke(SingleSignOn.java:393)
	at org.apache.catalina.core.StandardEngineValve.invoke(StandardEngineValve.java:109)
	at org.apache.catalina.connector.CoyoteAdapter.service(CoyoteAdapter.java:262)
	at org.apache.coyote.http11.Http11Processor.process(Http11Processor.java:844)
	at org.apache.coyote.http11.Http11Protocol$Http11ConnectionHandler.process(Http11Protocol.java:583)
	at org.apache.tomcat.util.net.JIoEndpoint$Worker.run(JIoEndpoint.java:446)
	at java.lang.Thread.run(Thread.java:619)
Caused by: org.exist.EXistException: database instance 'exist' is not available
	at org.exist.storage.BrokerPool.getInstance(BrokerPool.java:291)
	at org.exist.storage.BrokerPool.getInstance(BrokerPool.java:276)
	at org.exist.http.urlrewrite.XQueryURLRewrite.configure(XQueryURLRewrite.java:490)
	... 20 more
