14:25:36,203 INFO  [Server] Starting JBoss (MX MicroKernel)...
14:25:36,203 INFO  [Server] Release ID: JBoss [Trinity] 4.2.2.GA (build: SVNTag=JBoss_4_2_2_GA date=200710221139)
14:25:36,203 DEBUG [Server] Using config: org.jboss.system.server.ServerConfigImpl@1db05b2
14:25:36,203 DEBUG [Server] Server type: class org.jboss.system.server.ServerImpl
14:25:36,203 DEBUG [Server] Server loaded through: org.jboss.system.server.NoAnnotationURLClassLoader
14:25:36,203 DEBUG [Server] Boot URLs:
14:25:36,203 DEBUG [Server]   file:/C:/opt/jboss/lib/endorsed/OLD
14:25:36,203 DEBUG [Server]   file:/C:/opt/jboss/lib/endorsed/resolver-1.2.jar
14:25:36,203 DEBUG [Server]   file:/C:/opt/jboss/lib/endorsed/serializer.jar
14:25:36,203 DEBUG [Server]   file:/C:/opt/jboss/lib/endorsed/xalan.jar
14:25:36,203 DEBUG [Server]   file:/C:/opt/jboss/lib/endorsed/xercesImpl-2.9.1.jar
14:25:36,203 DEBUG [Server]   file:/C:/opt/jboss/lib/jboss-jmx.jar
14:25:36,203 DEBUG [Server]   file:/C:/opt/jboss/lib/concurrent.jar
14:25:36,203 DEBUG [Server]   file:/C:/opt/jboss/lib/log4j-boot.jar
14:25:36,203 DEBUG [Server]   file:/C:/opt/jboss/lib/jboss-common.jar
14:25:36,203 DEBUG [Server]   file:/C:/opt/jboss/lib/jboss-system.jar
14:25:36,203 DEBUG [Server]   file:/C:/opt/jboss/lib/jboss-xml-binding.jar
14:25:36,203 INFO  [Server] Home Dir: C:\opt\jboss
14:25:36,203 INFO  [Server] Home URL: file:/C:/opt/jboss/
14:25:36,203 DEBUG [Server] Library URL: file:/C:/opt/jboss/lib/
14:25:36,203 INFO  [Server] Patch URL: null
14:25:36,203 INFO  [Server] Server Name: default
14:25:36,203 INFO  [Server] Server Home Dir: C:\opt\jboss\server\default
14:25:36,203 INFO  [Server] Server Home URL: file:/C:/opt/jboss/server/default/
14:25:36,203 INFO  [Server] Server Log Dir: C:\opt\jboss\server\default\log
14:25:36,203 DEBUG [Server] Server Data Dir: C:\opt\jboss\server\default\data
14:25:36,203 INFO  [Server] Server Temp Dir: C:\opt\jboss\server\default\tmp
14:25:36,203 DEBUG [Server] Server Config URL: file:/C:/opt/jboss/server/default/conf/
14:25:36,203 DEBUG [Server] Server Library URL: file:/C:/opt/jboss/server/default/lib/
14:25:36,203 INFO  [Server] Root Deployment Filename: jboss-service.xml
14:25:36,218 DEBUG [Server] Starting General Purpose Architecture (GPA)...
14:25:36,359 DEBUG [Server] Created MBeanServer: org.jboss.mx.server.MBeanServerImpl@1e328e0[ defaultDomain='jboss' ]
14:25:36,406 DEBUG [Server] Boot url list: [file:/C:/opt/jboss/server/default/conf/]
14:25:36,406 DEBUG [Server] Creating loader for URL: file:/C:/opt/jboss/server/default/conf/
14:25:36,406 DEBUG [RepositoryClassLoader] setRepository, repository=org.jboss.mx.loading.UnifiedLoaderRepository3@1da669c, cl=org.jboss.mx.loading.UnifiedClassLoader3@186c730{ url=file:/C:/opt/jboss/server/default/conf/ ,addedOrder=0}
14:25:36,406 DEBUG [RepositoryClassLoader] setRepository, repository=org.jboss.mx.loading.UnifiedLoaderRepository3@1da669c, cl=org.jboss.mx.loading.UnifiedClassLoader3@186c730{ url=file:/C:/opt/jboss/server/default/conf/ ,addedOrder=0}
14:25:36,406 DEBUG [UnifiedLoaderRepository3] Adding org.jboss.mx.loading.UnifiedClassLoader3@186c730{ url=file:/C:/opt/jboss/server/default/conf/ ,addedOrder=0}
14:25:36,546 DEBUG [Server] Failed to create xmbean for: org.jboss.system.server.ServerInfo
14:25:36,562 INFO  [ServerInfo] Java version: 1.5.0_17,Sun Microsystems Inc.
14:25:36,562 INFO  [ServerInfo] Java VM: Java HotSpot(TM) Server VM 1.5.0_17-b04,Sun Microsystems Inc.
14:25:36,562 INFO  [ServerInfo] OS-System: Windows XP 5.1,x86
14:25:36,562 DEBUG [ServerInfo] Full System Properties Dump
14:25:36,562 DEBUG [ServerInfo]     java.vendor: Sun Microsystems Inc.
14:25:36,562 DEBUG [ServerInfo]     sun.java.launcher: SUN_STANDARD
14:25:36,562 DEBUG [ServerInfo]     sun.management.compiler: HotSpot Server Compiler
14:25:36,562 DEBUG [ServerInfo]     os.name: Windows XP
14:25:36,562 DEBUG [ServerInfo]     sun.boot.class.path: C:\opt\jboss\lib\endorsed\resolver-1.2.jar;C:\opt\jboss\lib\endorsed\serializer.jar;C:\opt\jboss\lib\endorsed\xalan.jar;C:\opt\jboss\lib\endorsed\xercesImpl-2.9.1.jar;C:\Program Files\Java\jdk1.5.0_17\jre\lib\rt.jar;C:\Program Files\Java\jdk1.5.0_17\jre\lib\i18n.jar;C:\Program Files\Java\jdk1.5.0_17\jre\lib\sunrsasign.jar;C:\Program Files\Java\jdk1.5.0_17\jre\lib\jsse.jar;C:\Program Files\Java\jdk1.5.0_17\jre\lib\jce.jar;C:\Program Files\Java\jdk1.5.0_17\jre\lib\charsets.jar;C:\Program Files\Java\jdk1.5.0_17\jre\classes
14:25:36,562 DEBUG [ServerInfo]     sun.desktop: windows
14:25:36,562 DEBUG [ServerInfo]     java.vm.specification.vendor: Sun Microsystems Inc.
14:25:36,562 DEBUG [ServerInfo]     java.runtime.version: 1.5.0_17-b04
14:25:36,562 DEBUG [ServerInfo]     user.name: achen
14:25:36,562 DEBUG [ServerInfo]     jboss.bind.address: 0.0.0.0
14:25:36,562 DEBUG [ServerInfo]     jboss.home.dir: C:\opt\jboss
14:25:36,562 DEBUG [ServerInfo]     user.language: zh
14:25:36,562 DEBUG [ServerInfo]     sun.boot.library.path: C:\Program Files\Java\jdk1.5.0_17\jre\bin
14:25:36,562 DEBUG [ServerInfo]     jboss.home.url: file:/C:/opt/jboss/
14:25:36,562 DEBUG [ServerInfo]     java.version: 1.5.0_17
14:25:36,562 DEBUG [ServerInfo]     user.timezone: Asia/Shanghai
14:25:36,562 DEBUG [ServerInfo]     jboss.server.home.dir: C:\opt\jboss\server\default
14:25:36,562 DEBUG [ServerInfo]     jgroups.bind_addr: talend-aiming
14:25:36,562 DEBUG [ServerInfo]     sun.arch.data.model: 32
14:25:36,562 DEBUG [ServerInfo]     java.endorsed.dirs: C:\opt\jboss\lib\endorsed
14:25:36,562 DEBUG [ServerInfo]     jboss.server.home.url: file:/C:/opt/jboss/server/default/
14:25:36,562 DEBUG [ServerInfo]     sun.cpu.isalist: pentium_pro+mmx pentium_pro pentium+mmx pentium i486 i386 i86
14:25:36,562 DEBUG [ServerInfo]     sun.jnu.encoding: GBK
14:25:36,562 DEBUG [ServerInfo]     file.encoding.pkg: sun.io
14:25:36,562 DEBUG [ServerInfo]     file.separator: \
14:25:36,562 DEBUG [ServerInfo]     java.specification.name: Java Platform API Specification
14:25:36,562 DEBUG [ServerInfo]     java.class.version: 49.0
14:25:36,562 DEBUG [ServerInfo]     jboss.server.config.url: file:/C:/opt/jboss/server/default/conf/
14:25:36,562 DEBUG [ServerInfo]     user.country: CN
14:25:36,562 DEBUG [ServerInfo]     java.home: C:\Program Files\Java\jdk1.5.0_17\jre
14:25:36,562 DEBUG [ServerInfo]     java.vm.info: mixed mode
14:25:36,562 DEBUG [ServerInfo]     jboss.lib.url: file:/C:/opt/jboss/lib/
14:25:36,562 DEBUG [ServerInfo]     bind.address: talend-aiming
14:25:36,562 DEBUG [ServerInfo]     os.version: 5.1
14:25:36,562 DEBUG [ServerInfo]     path.separator: ;
14:25:36,562 DEBUG [ServerInfo]     java.vm.version: 1.5.0_17-b04
14:25:36,562 DEBUG [ServerInfo]     user.variant: 
14:25:36,562 DEBUG [ServerInfo]     java.protocol.handler.pkgs: org.jboss.net.protocol
14:25:36,562 DEBUG [ServerInfo]     java.awt.printerjob: sun.awt.windows.WPrinterJob
14:25:36,562 DEBUG [ServerInfo]     sun.io.unicode.encoding: UnicodeLittle
14:25:36,562 DEBUG [ServerInfo]     awt.toolkit: sun.awt.windows.WToolkit
14:25:36,562 DEBUG [ServerInfo]     jboss.server.temp.dir: C:\opt\jboss\server\default\tmp
14:25:36,562 DEBUG [ServerInfo]     sun.rmi.dgc.client.gcInterval: 3600000
14:25:36,562 DEBUG [ServerInfo]     user.home: C:\Documents and Settings\achen.TALEND-AIMING
14:25:36,562 DEBUG [ServerInfo]     java.specification.vendor: Sun Microsystems Inc.
14:25:36,562 DEBUG [ServerInfo]     java.library.path: C:\Program Files\Java\jdk1.5.0_17\bin;.;C:\WINDOWS\system32;C:\WINDOWS;C:\Program Files\NSIS\;C:\opt\jwsdp-1.5\jaxrpc\bin\;I:\MDM\tools\apache-ant-1.7.1\bin;C:\Program Files\7-Zip;C:\Program Files\Java\jdk1.5.0_17\BIN;F:\mysql-5.1.6-alpha-win32\bin\;C:\Perl\site\bin;C:\Perl\bin;C:\WINDOWS\system32;C:\WINDOWS;C:\WINDOWS\System32\Wbem;C:\Program Files\Subversion\bin;C:\Program Files\TortoiseSVN\bin;I:\gwt-ext\gwt-windows-1.5.3\;E:\jboss\apache-ant-1.7.1\bin\;C:\Program Files\Subversion\bin;C:\Perl\bin;C:\Program Files\OpenVPN\bin;C:\Program Files\Common Files\Nero\Lib\
14:25:36,562 DEBUG [ServerInfo]     java.vendor.url: http://java.sun.com/
14:25:36,562 DEBUG [ServerInfo]     program.name: run.bat
14:25:36,562 DEBUG [ServerInfo]     java.vm.vendor: Sun Microsystems Inc.
14:25:36,562 DEBUG [ServerInfo]     sun.rmi.dgc.server.gcInterval: 3600000
14:25:36,562 DEBUG [ServerInfo]     java.runtime.name: Java(TM) 2 Runtime Environment, Standard Edition
14:25:36,562 DEBUG [ServerInfo]     java.class.path: C:\Program Files\Java\jdk1.5.0_17\lib\tools.jar;C:\opt\jboss\bin\run.jar
14:25:36,562 DEBUG [ServerInfo]     jboss.server.log.dir: C:\opt\jboss\server\default\log
14:25:36,562 DEBUG [ServerInfo]     jbossmx.loader.repository.class: org.jboss.mx.loading.UnifiedLoaderRepository3
14:25:36,562 DEBUG [ServerInfo]     java.vm.specification.name: Java Virtual Machine Specification
14:25:36,562 DEBUG [ServerInfo]     java.vm.specification.version: 1.0
14:25:36,562 DEBUG [ServerInfo]     sun.cpu.endian: little
14:25:36,562 DEBUG [ServerInfo]     sun.os.patch.level: Service Pack 3
14:25:36,562 DEBUG [ServerInfo]     jboss.server.lib.url: file:/C:/opt/jboss/server/default/lib/
14:25:36,562 DEBUG [ServerInfo]     java.io.tmpdir: C:\DOCUME~1\ACHEN~1.TAL\LOCALS~1\Temp\
14:25:36,562 DEBUG [ServerInfo]     java.vendor.url.bug: http://java.sun.com/cgi-bin/bugreport.cgi
14:25:36,562 DEBUG [ServerInfo]     jboss.server.data.dir: C:\opt\jboss\server\default\data
14:25:36,562 DEBUG [ServerInfo]     java.rmi.server.hostname: talend-aiming
14:25:36,562 DEBUG [ServerInfo]     os.arch: x86
14:25:36,562 DEBUG [ServerInfo]     java.awt.graphicsenv: sun.awt.Win32GraphicsEnvironment
14:25:36,562 DEBUG [ServerInfo]     java.ext.dirs: C:\Program Files\Java\jdk1.5.0_17\jre\lib\ext
14:25:36,562 DEBUG [ServerInfo]     user.dir: C:\opt\jboss\bin
14:25:36,562 DEBUG [ServerInfo]     line.separator: 

14:25:36,562 DEBUG [ServerInfo]     java.vm.name: Java HotSpot(TM) Server VM
14:25:36,562 DEBUG [ServerInfo]     jboss.server.base.dir: C:\opt\jboss\server
14:25:36,562 DEBUG [ServerInfo]     jboss.server.base.url: file:/C:/opt/jboss/server/
14:25:36,562 DEBUG [ServerInfo]     javax.management.builder.initial: org.jboss.mx.server.MBeanServerBuilderImpl
14:25:36,562 DEBUG [ServerInfo]     file.encoding: GBK
14:25:36,562 DEBUG [ServerInfo]     java.specification.version: 1.5
14:25:36,562 DEBUG [ServerInfo]     jboss.server.name: default
14:25:36,578 DEBUG [Server] Created system MBean: jboss.system:type=ServerInfo
14:25:36,578 DEBUG [Server] Failed to create xmbean for: org.jboss.system.ServiceController
14:25:36,625 DEBUG [ServiceController] Controller MBean online
14:25:36,625 DEBUG [Server] Created system MBean: jboss.system:service=ServiceController
14:25:36,796 DEBUG [Server] Created system XMBean: jboss.system:service=MainDeployer
14:25:36,796 DEBUG [ServiceController] Creating service jboss.system:service=MainDeployer
14:25:36,812 DEBUG [MainDeployer] Creating jboss.system:service=MainDeployer
14:25:38,187 DEBUG [MainDeployer] Created jboss.system:service=MainDeployer
14:25:38,187 DEBUG [ServiceController] Creating dependent components for: jboss.system:service=MainDeployer dependents are: []
14:25:38,187 DEBUG [ServiceController] starting service jboss.system:service=MainDeployer
14:25:38,187 DEBUG [MainDeployer] Starting jboss.system:service=MainDeployer
14:25:38,187 DEBUG [MainDeployer] Started jboss.system:service=MainDeployer
14:25:38,187 DEBUG [ServiceController] Starting dependent components for: jboss.system:service=MainDeployer dependent components: []
14:25:38,187 DEBUG [Server] Shutdown hook added
14:25:38,343 DEBUG [Server] Created system XMBean: jboss.system:service=JARDeployer
14:25:38,343 DEBUG [ServiceController] Creating service jboss.system:service=JARDeployer
14:25:38,343 DEBUG [JARDeployer] Creating jboss.system:service=JARDeployer
14:25:38,406 DEBUG [JARDeployer] Created jboss.system:service=JARDeployer
14:25:38,406 DEBUG [ServiceController] Creating dependent components for: jboss.system:service=JARDeployer dependents are: []
14:25:38,406 DEBUG [ServiceController] starting service jboss.system:service=JARDeployer
14:25:38,406 DEBUG [JARDeployer] Starting jboss.system:service=JARDeployer
14:25:38,406 DEBUG [MainDeployer] Adding deployer: org.jboss.deployment.JARDeployer@198defc
14:25:38,406 DEBUG [SuffixOrderHelper] Static suffix exists; ignoring request for adding enhanced suffix: 700:.jar
14:25:38,406 DEBUG [JARDeployer] Started jboss.system:service=JARDeployer
14:25:38,406 DEBUG [ServiceController] Starting dependent components for: jboss.system:service=JARDeployer dependent components: []
14:25:38,593 DEBUG [Server] Created system XMBean: jboss.system:service=ServiceDeployer
14:25:38,593 DEBUG [ServiceController] Creating service jboss.system:service=ServiceDeployer
14:25:38,593 DEBUG [SARDeployer] Creating jboss.system:service=ServiceDeployer
14:25:38,609 DEBUG [SARDeployer] Created jboss.system:service=ServiceDeployer
14:25:38,609 DEBUG [ServiceController] Creating dependent components for: jboss.system:service=ServiceDeployer dependents are: []
14:25:38,609 DEBUG [ServiceController] starting service jboss.system:service=ServiceDeployer
14:25:38,609 DEBUG [SARDeployer] Starting jboss.system:service=ServiceDeployer
14:25:38,609 DEBUG [MainDeployer] Adding deployer: org.jboss.deployment.SARDeployer@3468f4
14:25:38,656 DEBUG [SARDeployer] Started jboss.system:service=ServiceDeployer
14:25:38,656 DEBUG [ServiceController] Starting dependent components for: jboss.system:service=ServiceDeployer dependent components: []
14:25:38,656 INFO  [Server] Core system initialized
14:25:38,687 DEBUG [MainDeployer] Starting deployment of package: file:/C:/opt/jboss/server/default/conf/jboss-service.xml
14:25:38,687 DEBUG [MainDeployer] Starting deployment (init step) of package at: file:/C:/opt/jboss/server/default/conf/jboss-service.xml
14:25:38,921 DEBUG [MainDeployer] Copying file:/C:/opt/jboss/server/default/conf/jboss-service.xml -> C:\opt\jboss\server\default\tmp\deploy\tmp5065293210426608920jboss-service.xml
14:25:38,921 DEBUG [MainDeployer] using deployer org.jboss.deployment.SARDeployer@3468f4
14:25:38,968 DEBUG [SARDeployer] Found classpath element: [classpath: null]
14:25:38,968 DEBUG [SARDeployer] codebase URL is file:/C:/opt/jboss/server/default/lib/
14:25:38,968 DEBUG [SARDeployer] listing codebase for archives matching *
14:25:38,968 DEBUG [SARDeployer] URLLister class is org.jboss.net.protocol.file.FileURLLister
14:25:38,984 DEBUG [SARDeployer] deployed classes for file:/C:/opt/jboss/server/default/lib/activation.jar
14:25:38,984 DEBUG [SARDeployer] deployed classes for file:/C:/opt/jboss/server/default/lib/antlr.jar
14:25:38,984 DEBUG [SARDeployer] deployed classes for file:/C:/opt/jboss/server/default/lib/autonumber-plugin.jar
14:25:38,984 DEBUG [SARDeployer] deployed classes for file:/C:/opt/jboss/server/default/lib/bcel.jar
14:25:38,984 DEBUG [SARDeployer] deployed classes for file:/C:/opt/jboss/server/default/lib/bindingservice-plugin.jar
14:25:38,984 DEBUG [SARDeployer] deployed classes for file:/C:/opt/jboss/server/default/lib/bsf.jar
14:25:38,984 DEBUG [SARDeployer] deployed classes for file:/C:/opt/jboss/server/default/lib/bsh-deployer.jar
14:25:38,984 DEBUG [SARDeployer] deployed classes for file:/C:/opt/jboss/server/default/lib/bsh.jar
14:25:38,984 DEBUG [SARDeployer] deployed classes for file:/C:/opt/jboss/server/default/lib/cglib.jar
14:25:38,984 DEBUG [SARDeployer] deployed classes for file:/C:/opt/jboss/server/default/lib/commons-beanutils-1.6.1.jar
14:25:38,984 DEBUG [SARDeployer] deployed classes for file:/C:/opt/jboss/server/default/lib/commons-codec.jar
14:25:38,984 DEBUG [SARDeployer] deployed classes for file:/C:/opt/jboss/server/default/lib/commons-collections.jar
14:25:38,984 DEBUG [SARDeployer] deployed classes for file:/C:/opt/jboss/server/default/lib/commons-httpclient.jar
14:25:38,984 DEBUG [SARDeployer] deployed classes for file:/C:/opt/jboss/server/default/lib/commons-logging.jar
14:25:38,984 DEBUG [SARDeployer] deployed classes for file:/C:/opt/jboss/server/default/lib/dom4j.jar
14:25:38,984 DEBUG [SARDeployer] deployed classes for file:/C:/opt/jboss/server/default/lib/ejb3-persistence.jar
14:25:38,984 DEBUG [SARDeployer] deployed classes for file:/C:/opt/jboss/server/default/lib/el-api.jar
14:25:38,984 DEBUG [SARDeployer] deployed classes for file:/C:/opt/jboss/server/default/lib/hibernate-annotations.jar
14:25:38,984 DEBUG [SARDeployer] deployed classes for file:/C:/opt/jboss/server/default/lib/hibernate-entitymanager.jar
14:25:38,984 DEBUG [SARDeployer] deployed classes for file:/C:/opt/jboss/server/default/lib/hibernate3.jar
14:25:38,984 DEBUG [SARDeployer] deployed classes for file:/C:/opt/jboss/server/default/lib/hsqldb-plugin.jar
14:25:38,984 DEBUG [SARDeployer] deployed classes for file:/C:/opt/jboss/server/default/lib/hsqldb.jar
14:25:38,984 DEBUG [SARDeployer] deployed classes for file:/C:/opt/jboss/server/default/lib/javassist.jar
14:25:38,984 DEBUG [SARDeployer] deployed classes for file:/C:/opt/jboss/server/default/lib/jaxen.jar
14:25:38,984 DEBUG [SARDeployer] deployed classes for file:/C:/opt/jboss/server/default/lib/jboss-cache-jdk50.jar
14:25:38,984 DEBUG [SARDeployer] deployed classes for file:/C:/opt/jboss/server/default/lib/jboss-common-jdbc-wrapper.jar
14:25:38,984 DEBUG [SARDeployer] deployed classes for file:/C:/opt/jboss/server/default/lib/jboss-ejb3x.jar
14:25:38,984 DEBUG [SARDeployer] deployed classes for file:/C:/opt/jboss/server/default/lib/jboss-hibernate.jar
14:25:38,984 DEBUG [SARDeployer] deployed classes for file:/C:/opt/jboss/server/default/lib/jboss-j2ee.jar
14:25:38,984 DEBUG [SARDeployer] deployed classes for file:/C:/opt/jboss/server/default/lib/jboss-jaxrpc.jar
14:25:38,984 DEBUG [SARDeployer] deployed classes for file:/C:/opt/jboss/server/default/lib/jboss-jaxws.jar
14:25:38,984 DEBUG [SARDeployer] deployed classes for file:/C:/opt/jboss/server/default/lib/jboss-jca.jar
14:25:38,984 DEBUG [SARDeployer] deployed classes for file:/C:/opt/jboss/server/default/lib/jboss-jsr77.jar
14:25:38,984 DEBUG [SARDeployer] deployed classes for file:/C:/opt/jboss/server/default/lib/jboss-jsr88.jar
14:25:38,984 DEBUG [SARDeployer] deployed classes for file:/C:/opt/jboss/server/default/lib/jboss-management.jar
14:25:38,984 DEBUG [SARDeployer] deployed classes for file:/C:/opt/jboss/server/default/lib/jboss-monitoring.jar
14:25:38,984 DEBUG [SARDeployer] deployed classes for file:/C:/opt/jboss/server/default/lib/jboss-remoting-int.jar
14:25:38,984 DEBUG [SARDeployer] deployed classes for file:/C:/opt/jboss/server/default/lib/jboss-remoting.jar
14:25:38,984 DEBUG [SARDeployer] deployed classes for file:/C:/opt/jboss/server/default/lib/jboss-saaj.jar
14:25:38,984 DEBUG [SARDeployer] deployed classes for file:/C:/opt/jboss/server/default/lib/jboss-serialization.jar
14:25:38,984 DEBUG [SARDeployer] deployed classes for file:/C:/opt/jboss/server/default/lib/jboss-srp.jar
14:25:38,984 DEBUG [SARDeployer] deployed classes for file:/C:/opt/jboss/server/default/lib/jboss-transaction.jar
14:25:38,984 DEBUG [SARDeployer] deployed classes for file:/C:/opt/jboss/server/default/lib/jboss-vfs.jar
14:25:38,984 DEBUG [SARDeployer] deployed classes for file:/C:/opt/jboss/server/default/lib/jboss.jar
14:25:38,984 DEBUG [SARDeployer] deployed classes for file:/C:/opt/jboss/server/default/lib/jbossjta-integration.jar
14:25:38,984 DEBUG [SARDeployer] deployed classes for file:/C:/opt/jboss/server/default/lib/jbossjta.jar
14:25:38,984 DEBUG [SARDeployer] deployed classes for file:/C:/opt/jboss/server/default/lib/jbossmq.jar
14:25:38,984 DEBUG [SARDeployer] deployed classes for file:/C:/opt/jboss/server/default/lib/jbosssx.jar
14:25:38,984 DEBUG [SARDeployer] deployed classes for file:/C:/opt/jboss/server/default/lib/jbossts-common.jar
14:25:38,984 DEBUG [SARDeployer] deployed classes for file:/C:/opt/jboss/server/default/lib/jbossws-common.jar
14:25:38,984 DEBUG [SARDeployer] deployed classes for file:/C:/opt/jboss/server/default/lib/jbossws-framework.jar
14:25:38,984 DEBUG [SARDeployer] deployed classes for file:/C:/opt/jboss/server/default/lib/jbossws-jboss42.jar
14:25:38,984 DEBUG [SARDeployer] deployed classes for file:/C:/opt/jboss/server/default/lib/jbossws-spi.jar
14:25:38,984 DEBUG [SARDeployer] deployed classes for file:/C:/opt/jboss/server/default/lib/jmx-adaptor-plugin.jar
14:25:38,984 DEBUG [SARDeployer] deployed classes for file:/C:/opt/jboss/server/default/lib/jnpserver.jar
14:25:38,984 DEBUG [SARDeployer] deployed classes for file:/C:/opt/jboss/server/default/lib/joesnmp.jar
14:25:38,984 DEBUG [SARDeployer] deployed classes for file:/C:/opt/jboss/server/default/lib/jpl-pattern.jar
14:25:38,984 DEBUG [SARDeployer] deployed classes for file:/C:/opt/jboss/server/default/lib/jpl-util.jar
14:25:38,984 DEBUG [SARDeployer] deployed classes for file:/C:/opt/jboss/server/default/lib/jsp-api.jar
14:25:38,984 DEBUG [SARDeployer] deployed classes for file:/C:/opt/jboss/server/default/lib/log4j-snmp-appender.jar
14:25:38,984 DEBUG [SARDeployer] deployed classes for file:/C:/opt/jboss/server/default/lib/log4j.jar
14:25:38,984 DEBUG [SARDeployer] deployed classes for file:/C:/opt/jboss/server/default/lib/mail-plugin.jar
14:25:38,984 DEBUG [SARDeployer] deployed classes for file:/C:/opt/jboss/server/default/lib/mail.jar
14:25:38,984 DEBUG [SARDeployer] deployed classes for file:/C:/opt/jboss/server/default/lib/properties-plugin.jar
14:25:38,984 DEBUG [SARDeployer] deployed classes for file:/C:/opt/jboss/server/default/lib/quartz.jar
14:25:38,984 DEBUG [SARDeployer] deployed classes for file:/C:/opt/jboss/server/default/lib/scheduler-plugin-example.jar
14:25:38,984 DEBUG [SARDeployer] deployed classes for file:/C:/opt/jboss/server/default/lib/scheduler-plugin.jar
14:25:38,984 DEBUG [SARDeployer] deployed classes for file:/C:/opt/jboss/server/default/lib/servlet-api.jar
14:25:38,984 DEBUG [SARDeployer] deployed classes for file:/C:/opt/jboss/server/default/lib/xmlentitymgr.jar
14:25:38,984 DEBUG [SARDeployer] deployed classes for file:/C:/opt/jboss/server/default/lib/z.bsh-2.0b2.jar
14:25:39,000 DEBUG [SARDeployer] deployed classes for file:/C:/opt/jboss/server/default/lib/z.castor-1.0.5-xml.jar
14:25:39,000 DEBUG [SARDeployer] deployed classes for file:/C:/opt/jboss/server/default/lib/z.commons-fileupload.jar
14:25:39,000 DEBUG [SARDeployer] deployed classes for file:/C:/opt/jboss/server/default/lib/z.commons-io.jar
14:25:39,000 DEBUG [SARDeployer] deployed classes for file:/C:/opt/jboss/server/default/lib/z.commons-jxpath-1.1.jar
14:25:39,000 DEBUG [SARDeployer] deployed classes for file:/C:/opt/jboss/server/default/lib/z.commons-lang-2.1.jar
14:25:39,000 DEBUG [SARDeployer] deployed classes for file:/C:/opt/jboss/server/default/lib/z.commons-net-1.4.1.jar
14:25:39,000 DEBUG [SARDeployer] deployed classes for file:/C:/opt/jboss/server/default/lib/z.cosnaming-1_2_1.zip
14:25:39,000 DEBUG [SARDeployer] deployed classes for file:/C:/opt/jboss/server/default/lib/z.crimson.jar
14:25:39,000 DEBUG [SARDeployer] deployed classes for file:/C:/opt/jboss/server/default/lib/z.db2jcc.jar
14:25:39,000 DEBUG [SARDeployer] deployed classes for file:/C:/opt/jboss/server/default/lib/z.db2jcc_javax.jar
14:25:39,000 DEBUG [SARDeployer] deployed classes for file:/C:/opt/jboss/server/default/lib/z.db2jcc_license_cu.jar
14:25:39,000 DEBUG [SARDeployer] deployed classes for file:/C:/opt/jboss/server/default/lib/z.dns-1_2.zip
14:25:39,000 DEBUG [SARDeployer] deployed classes for file:/C:/opt/jboss/server/default/lib/z.dsmlv1-1_2.zip
14:25:39,000 DEBUG [SARDeployer] deployed classes for file:/C:/opt/jboss/server/default/lib/z.dwr.jar
14:25:39,000 DEBUG [SARDeployer] deployed classes for file:/C:/opt/jboss/server/default/lib/z.exist-1.2.6-fluent.jar
14:25:39,000 DEBUG [SARDeployer] deployed classes for file:/C:/opt/jboss/server/default/lib/z.exist-1.2.6-optional.jar
14:25:39,000 DEBUG [SARDeployer] deployed classes for file:/C:/opt/jboss/server/default/lib/z.exist-1.2.6-ws-commons-util-1.0.2.jar
14:25:39,000 DEBUG [SARDeployer] deployed classes for file:/C:/opt/jboss/server/default/lib/z.exist-1.2.6-xmldb.jar
14:25:39,000 DEBUG [SARDeployer] deployed classes for file:/C:/opt/jboss/server/default/lib/z.exist-1.2.6-xmlrpc-client-3.1.1.jar
14:25:39,000 DEBUG [SARDeployer] deployed classes for file:/C:/opt/jboss/server/default/lib/z.exist-1.2.6-xmlrpc-common-3.1.1.jar
14:25:39,000 DEBUG [SARDeployer] deployed classes for file:/C:/opt/jboss/server/default/lib/z.exist-1.2.6-xmlrpc-server-3.1.1.jar
14:25:39,000 DEBUG [SARDeployer] deployed classes for file:/C:/opt/jboss/server/default/lib/z.exist-1.2.6.jar
14:25:39,000 DEBUG [SARDeployer] deployed classes for file:/C:/opt/jboss/server/default/lib/z.fscontext-1_2-beta3.zip
14:25:39,000 DEBUG [SARDeployer] deployed classes for file:/C:/opt/jboss/server/default/lib/z.ganymed.jar
14:25:39,000 DEBUG [SARDeployer] deployed classes for file:/C:/opt/jboss/server/default/lib/z.jakarta-oro-2.0.8.jar
14:25:39,000 DEBUG [SARDeployer] deployed classes for file:/C:/opt/jboss/server/default/lib/z.jaxrpc-impl.jar
14:25:39,000 DEBUG [SARDeployer] deployed classes for file:/C:/opt/jboss/server/default/lib/z.jaxrpc-spi.jar
14:25:39,000 DEBUG [SARDeployer] deployed classes for file:/C:/opt/jboss/server/default/lib/z.jazzy-core.jar
14:25:39,000 DEBUG [SARDeployer] deployed classes for file:/C:/opt/jboss/server/default/lib/z.jndi-1_1-ea2-demo.zip
14:25:39,000 DEBUG [SARDeployer] deployed classes for file:/C:/opt/jboss/server/default/lib/z.jndi-1_2_1.zip
14:25:39,000 DEBUG [SARDeployer] deployed classes for file:/C:/opt/jboss/server/default/lib/z.jstl.jar
14:25:39,000 DEBUG [SARDeployer] deployed classes for file:/C:/opt/jboss/server/default/lib/z.jt400.jar
14:25:39,000 DEBUG [SARDeployer] deployed classes for file:/C:/opt/jboss/server/default/lib/z.jtds-1.2.2.jar
14:25:39,000 DEBUG [SARDeployer] deployed classes for file:/C:/opt/jboss/server/default/lib/z.ldap-1_2_4.zip
14:25:39,000 DEBUG [SARDeployer] deployed classes for file:/C:/opt/jboss/server/default/lib/z.mailapi.jar
14:25:39,000 DEBUG [SARDeployer] deployed classes for file:/C:/opt/jboss/server/default/lib/z.mdm.common.lib.jar
14:25:39,000 DEBUG [SARDeployer] deployed classes for file:/C:/opt/jboss/server/default/lib/z.mdm.connector.library.jar
14:25:39,000 DEBUG [SARDeployer] deployed classes for file:/C:/opt/jboss/server/default/lib/z.mdm.core.jar
14:25:39,000 DEBUG [SARDeployer] deployed classes for file:/C:/opt/jboss/server/default/lib/z.mdm.jaas.ldap.jboss.jar
14:25:39,000 DEBUG [SARDeployer] deployed classes for file:/C:/opt/jboss/server/default/lib/z.mdm.jaas.openmdm.jboss.jar
14:25:39,000 DEBUG [SARDeployer] deployed classes for file:/C:/opt/jboss/server/default/lib/z.mdm.migration.jar
14:25:39,000 DEBUG [SARDeployer] deployed classes for file:/C:/opt/jboss/server/default/lib/z.mdm.webapp.core.jar
14:25:39,000 DEBUG [SARDeployer] deployed classes for file:/C:/opt/jboss/server/default/lib/z.mdm.xmldb.jar
14:25:39,000 DEBUG [SARDeployer] deployed classes for file:/C:/opt/jboss/server/default/lib/z.mdm.xmlserver.jar
14:25:39,000 DEBUG [SARDeployer] deployed classes for file:/C:/opt/jboss/server/default/lib/z.mysql-connector-java-5.1.5-bin.jar
14:25:39,000 DEBUG [SARDeployer] deployed classes for file:/C:/opt/jboss/server/default/lib/z.nis-1_2_1.zip
14:25:39,000 DEBUG [SARDeployer] deployed classes for file:/C:/opt/jboss/server/default/lib/z.OB.jar
14:25:39,000 DEBUG [SARDeployer] deployed classes for file:/C:/opt/jboss/server/default/lib/z.OBNaming.jar
14:25:39,000 DEBUG [SARDeployer] deployed classes for file:/C:/opt/jboss/server/default/lib/z.OBUtil.jar
14:25:39,000 DEBUG [SARDeployer] deployed classes for file:/C:/opt/jboss/server/default/lib/z.oracle.ojdbc14-10.2.0.3.0.jar
14:25:39,000 DEBUG [SARDeployer] deployed classes for file:/C:/opt/jboss/server/default/lib/z.poi-3.0.1-FINAL-20070705.jar
14:25:39,000 DEBUG [SARDeployer] deployed classes for file:/C:/opt/jboss/server/default/lib/z.postgresql-8.2dev-501.jdbc3.jar
14:25:39,000 DEBUG [SARDeployer] deployed classes for file:/C:/opt/jboss/server/default/lib/z.relaxngDatatype.jar
14:25:39,000 DEBUG [SARDeployer] deployed classes for file:/C:/opt/jboss/server/default/lib/z.rmiregistry-1_2_1.zip
14:25:39,000 DEBUG [SARDeployer] deployed classes for file:/C:/opt/jboss/server/default/lib/z.saaj-impl.jar
14:25:39,000 DEBUG [SARDeployer] deployed classes for file:/C:/opt/jboss/server/default/lib/z.saxon9-ant.jar
14:25:39,000 DEBUG [SARDeployer] deployed classes for file:/C:/opt/jboss/server/default/lib/z.saxon9-dom.jar
14:25:39,000 DEBUG [SARDeployer] deployed classes for file:/C:/opt/jboss/server/default/lib/z.saxon9-dom4j.jar
14:25:39,000 DEBUG [SARDeployer] deployed classes for file:/C:/opt/jboss/server/default/lib/z.saxon9-jdom.jar
14:25:39,000 DEBUG [SARDeployer] deployed classes for file:/C:/opt/jboss/server/default/lib/z.saxon9-s9api.jar
14:25:39,000 DEBUG [SARDeployer] deployed classes for file:/C:/opt/jboss/server/default/lib/z.saxon9-sql.jar
14:25:39,000 DEBUG [SARDeployer] deployed classes for file:/C:/opt/jboss/server/default/lib/z.saxon9-xom.jar
14:25:39,000 DEBUG [SARDeployer] deployed classes for file:/C:/opt/jboss/server/default/lib/z.saxon9-xpath.jar
14:25:39,000 DEBUG [SARDeployer] deployed classes for file:/C:/opt/jboss/server/default/lib/z.saxon9-xqj.jar
14:25:39,000 DEBUG [SARDeployer] deployed classes for file:/C:/opt/jboss/server/default/lib/z.saxon9.jar
14:25:39,000 DEBUG [SARDeployer] deployed classes for file:/C:/opt/jboss/server/default/lib/z.sqljdbc.jar
14:25:39,000 DEBUG [SARDeployer] deployed classes for file:/C:/opt/jboss/server/default/lib/z.standard.jar
14:25:39,000 DEBUG [SARDeployer] deployed classes for file:/C:/opt/jboss/server/default/lib/z.svnkit.jar
14:25:39,000 DEBUG [SARDeployer] deployed classes for file:/C:/opt/jboss/server/default/lib/z.xsom.jar
14:25:39,000 DEBUG [SARDeployer] about to copy 0 local directories
14:25:39,000 DEBUG [SARDeployer] looking for nested deployments in : file:/C:/opt/jboss/server/default/conf/jboss-service.xml
14:25:39,000 DEBUG [DeploymentInfo] createLoaderRepository from config: LoaderRepositoryConfig(repositoryName: JMImplementation:service=LoaderRepository,name=Default, repositoryClassName: null, configParserClassName: null, repositoryConfig: null)
14:25:39,000 DEBUG [RepositoryClassLoader] setRepository, repository=org.jboss.mx.loading.UnifiedLoaderRepository3@1da669c, cl=org.jboss.mx.loading.UnifiedClassLoader3@1474ea{ url=null ,addedOrder=0}
14:25:39,000 DEBUG [RepositoryClassLoader] setRepository, repository=org.jboss.mx.loading.UnifiedLoaderRepository3@1da669c, cl=org.jboss.mx.loading.UnifiedClassLoader3@1474ea{ url=null ,addedOrder=0}
14:25:39,000 DEBUG [UnifiedLoaderRepository3] Adding org.jboss.mx.loading.UnifiedClassLoader3@1474ea{ url=null ,addedOrder=0}
14:25:39,000 DEBUG [RepositoryClassLoader] Added url: file:/C:/opt/jboss/server/default/lib/activation.jar, to ucl: org.jboss.mx.loading.UnifiedClassLoader3@1474ea{ url=null ,addedOrder=2}
14:25:39,046 DEBUG [RepositoryClassLoader] Added url: file:/C:/opt/jboss/server/default/lib/antlr.jar, to ucl: org.jboss.mx.loading.UnifiedClassLoader3@1474ea{ url=null ,addedOrder=2}
14:25:39,046 DEBUG [RepositoryClassLoader] Added url: file:/C:/opt/jboss/server/default/lib/autonumber-plugin.jar, to ucl: org.jboss.mx.loading.UnifiedClassLoader3@1474ea{ url=null ,addedOrder=2}
14:25:39,109 DEBUG [RepositoryClassLoader] Added url: file:/C:/opt/jboss/server/default/lib/bcel.jar, to ucl: org.jboss.mx.loading.UnifiedClassLoader3@1474ea{ url=null ,addedOrder=2}
14:25:39,109 DEBUG [RepositoryClassLoader] Added url: file:/C:/opt/jboss/server/default/lib/bindingservice-plugin.jar, to ucl: org.jboss.mx.loading.UnifiedClassLoader3@1474ea{ url=null ,addedOrder=2}
14:25:39,125 DEBUG [RepositoryClassLoader] Added url: file:/C:/opt/jboss/server/default/lib/bsf.jar, to ucl: org.jboss.mx.loading.UnifiedClassLoader3@1474ea{ url=null ,addedOrder=2}
14:25:39,125 DEBUG [RepositoryClassLoader] Added url: file:/C:/opt/jboss/server/default/lib/bsh-deployer.jar, to ucl: org.jboss.mx.loading.UnifiedClassLoader3@1474ea{ url=null ,addedOrder=2}
14:25:39,234 DEBUG [RepositoryClassLoader] Added url: file:/C:/opt/jboss/server/default/lib/bsh.jar, to ucl: org.jboss.mx.loading.UnifiedClassLoader3@1474ea{ url=null ,addedOrder=2}
14:25:39,234 DEBUG [ClassLoaderUtils] Multiple class loaders found for pkg: 
14:25:39,265 DEBUG [RepositoryClassLoader] Added url: file:/C:/opt/jboss/server/default/lib/cglib.jar, to ucl: org.jboss.mx.loading.UnifiedClassLoader3@1474ea{ url=null ,addedOrder=2}
14:25:39,312 DEBUG [RepositoryClassLoader] Added url: file:/C:/opt/jboss/server/default/lib/commons-beanutils-1.6.1.jar, to ucl: org.jboss.mx.loading.UnifiedClassLoader3@1474ea{ url=null ,addedOrder=2}
14:25:39,328 DEBUG [RepositoryClassLoader] Added url: file:/C:/opt/jboss/server/default/lib/commons-codec.jar, to ucl: org.jboss.mx.loading.UnifiedClassLoader3@1474ea{ url=null ,addedOrder=2}
14:25:39,421 DEBUG [RepositoryClassLoader] Added url: file:/C:/opt/jboss/server/default/lib/commons-collections.jar, to ucl: org.jboss.mx.loading.UnifiedClassLoader3@1474ea{ url=null ,addedOrder=2}
14:25:39,453 DEBUG [RepositoryClassLoader] Added url: file:/C:/opt/jboss/server/default/lib/commons-httpclient.jar, to ucl: org.jboss.mx.loading.UnifiedClassLoader3@1474ea{ url=null ,addedOrder=2}
14:25:39,468 DEBUG [RepositoryClassLoader] Added url: file:/C:/opt/jboss/server/default/lib/commons-logging.jar, to ucl: org.jboss.mx.loading.UnifiedClassLoader3@1474ea{ url=null ,addedOrder=2}
14:25:39,484 DEBUG [RepositoryClassLoader] Added url: file:/C:/opt/jboss/server/default/lib/dom4j.jar, to ucl: org.jboss.mx.loading.UnifiedClassLoader3@1474ea{ url=null ,addedOrder=2}
14:25:39,500 DEBUG [RepositoryClassLoader] Added url: file:/C:/opt/jboss/server/default/lib/ejb3-persistence.jar, to ucl: org.jboss.mx.loading.UnifiedClassLoader3@1474ea{ url=null ,addedOrder=2}
14:25:39,500 DEBUG [RepositoryClassLoader] Added url: file:/C:/opt/jboss/server/default/lib/el-api.jar, to ucl: org.jboss.mx.loading.UnifiedClassLoader3@1474ea{ url=null ,addedOrder=2}
14:25:39,546 DEBUG [RepositoryClassLoader] Added url: file:/C:/opt/jboss/server/default/lib/hibernate-annotations.jar, to ucl: org.jboss.mx.loading.UnifiedClassLoader3@1474ea{ url=null ,addedOrder=2}
14:25:39,578 DEBUG [RepositoryClassLoader] Added url: file:/C:/opt/jboss/server/default/lib/hibernate-entitymanager.jar, to ucl: org.jboss.mx.loading.UnifiedClassLoader3@1474ea{ url=null ,addedOrder=2}
14:25:39,828 DEBUG [RepositoryClassLoader] Added url: file:/C:/opt/jboss/server/default/lib/hibernate3.jar, to ucl: org.jboss.mx.loading.UnifiedClassLoader3@1474ea{ url=null ,addedOrder=2}
14:25:39,828 DEBUG [RepositoryClassLoader] Added url: file:/C:/opt/jboss/server/default/lib/hsqldb-plugin.jar, to ucl: org.jboss.mx.loading.UnifiedClassLoader3@1474ea{ url=null ,addedOrder=2}
14:25:39,890 DEBUG [RepositoryClassLoader] Added url: file:/C:/opt/jboss/server/default/lib/hsqldb.jar, to ucl: org.jboss.mx.loading.UnifiedClassLoader3@1474ea{ url=null ,addedOrder=2}
14:25:39,937 DEBUG [RepositoryClassLoader] Added url: file:/C:/opt/jboss/server/default/lib/javassist.jar, to ucl: org.jboss.mx.loading.UnifiedClassLoader3@1474ea{ url=null ,addedOrder=2}
14:25:39,953 DEBUG [RepositoryClassLoader] Added url: file:/C:/opt/jboss/server/default/lib/jaxen.jar, to ucl: org.jboss.mx.loading.UnifiedClassLoader3@1474ea{ url=null ,addedOrder=2}
14:25:40,015 DEBUG [RepositoryClassLoader] Added url: file:/C:/opt/jboss/server/default/lib/jboss-cache-jdk50.jar, to ucl: org.jboss.mx.loading.UnifiedClassLoader3@1474ea{ url=null ,addedOrder=2}
14:25:40,015 DEBUG [RepositoryClassLoader] Added url: file:/C:/opt/jboss/server/default/lib/jboss-common-jdbc-wrapper.jar, to ucl: org.jboss.mx.loading.UnifiedClassLoader3@1474ea{ url=null ,addedOrder=2}
14:25:40,015 DEBUG [RepositoryClassLoader] Added url: file:/C:/opt/jboss/server/default/lib/jboss-ejb3x.jar, to ucl: org.jboss.mx.loading.UnifiedClassLoader3@1474ea{ url=null ,addedOrder=2}
14:25:40,015 DEBUG [RepositoryClassLoader] Added url: file:/C:/opt/jboss/server/default/lib/jboss-hibernate.jar, to ucl: org.jboss.mx.loading.UnifiedClassLoader3@1474ea{ url=null ,addedOrder=2}
14:25:40,062 DEBUG [RepositoryClassLoader] Added url: file:/C:/opt/jboss/server/default/lib/jboss-j2ee.jar, to ucl: org.jboss.mx.loading.UnifiedClassLoader3@1474ea{ url=null ,addedOrder=2}
14:25:40,062 DEBUG [RepositoryClassLoader] Added url: file:/C:/opt/jboss/server/default/lib/jboss-jaxrpc.jar, to ucl: org.jboss.mx.loading.UnifiedClassLoader3@1474ea{ url=null ,addedOrder=2}
14:25:40,062 DEBUG [RepositoryClassLoader] Added url: file:/C:/opt/jboss/server/default/lib/jboss-jaxws.jar, to ucl: org.jboss.mx.loading.UnifiedClassLoader3@1474ea{ url=null ,addedOrder=2}
14:25:40,078 DEBUG [RepositoryClassLoader] Added url: file:/C:/opt/jboss/server/default/lib/jboss-jca.jar, to ucl: org.jboss.mx.loading.UnifiedClassLoader3@1474ea{ url=null ,addedOrder=2}
14:25:40,093 DEBUG [RepositoryClassLoader] Added url: file:/C:/opt/jboss/server/default/lib/jboss-jsr77.jar, to ucl: org.jboss.mx.loading.UnifiedClassLoader3@1474ea{ url=null ,addedOrder=2}
14:25:40,093 DEBUG [RepositoryClassLoader] Added url: file:/C:/opt/jboss/server/default/lib/jboss-jsr88.jar, to ucl: org.jboss.mx.loading.UnifiedClassLoader3@1474ea{ url=null ,addedOrder=2}
14:25:40,109 DEBUG [RepositoryClassLoader] Added url: file:/C:/opt/jboss/server/default/lib/jboss-management.jar, to ucl: org.jboss.mx.loading.UnifiedClassLoader3@1474ea{ url=null ,addedOrder=2}
14:25:40,109 DEBUG [RepositoryClassLoader] Added url: file:/C:/opt/jboss/server/default/lib/jboss-monitoring.jar, to ucl: org.jboss.mx.loading.UnifiedClassLoader3@1474ea{ url=null ,addedOrder=2}
14:25:40,109 DEBUG [RepositoryClassLoader] Added url: file:/C:/opt/jboss/server/default/lib/jboss-remoting-int.jar, to ucl: org.jboss.mx.loading.UnifiedClassLoader3@1474ea{ url=null ,addedOrder=2}
14:25:40,187 DEBUG [RepositoryClassLoader] Added url: file:/C:/opt/jboss/server/default/lib/jboss-remoting.jar, to ucl: org.jboss.mx.loading.UnifiedClassLoader3@1474ea{ url=null ,addedOrder=2}
14:25:40,187 DEBUG [RepositoryClassLoader] Added url: file:/C:/opt/jboss/server/default/lib/jboss-saaj.jar, to ucl: org.jboss.mx.loading.UnifiedClassLoader3@1474ea{ url=null ,addedOrder=2}
14:25:40,203 DEBUG [RepositoryClassLoader] Added url: file:/C:/opt/jboss/server/default/lib/jboss-serialization.jar, to ucl: org.jboss.mx.loading.UnifiedClassLoader3@1474ea{ url=null ,addedOrder=2}
14:25:40,203 DEBUG [RepositoryClassLoader] Added url: file:/C:/opt/jboss/server/default/lib/jboss-srp.jar, to ucl: org.jboss.mx.loading.UnifiedClassLoader3@1474ea{ url=null ,addedOrder=2}
14:25:40,203 DEBUG [RepositoryClassLoader] Added url: file:/C:/opt/jboss/server/default/lib/jboss-transaction.jar, to ucl: org.jboss.mx.loading.UnifiedClassLoader3@1474ea{ url=null ,addedOrder=2}
14:25:40,218 DEBUG [RepositoryClassLoader] Added url: file:/C:/opt/jboss/server/default/lib/jboss-vfs.jar, to ucl: org.jboss.mx.loading.UnifiedClassLoader3@1474ea{ url=null ,addedOrder=2}
14:25:40,406 DEBUG [RepositoryClassLoader] Added url: file:/C:/opt/jboss/server/default/lib/jboss.jar, to ucl: org.jboss.mx.loading.UnifiedClassLoader3@1474ea{ url=null ,addedOrder=2}
14:25:40,406 DEBUG [RepositoryClassLoader] Added url: file:/C:/opt/jboss/server/default/lib/jbossjta-integration.jar, to ucl: org.jboss.mx.loading.UnifiedClassLoader3@1474ea{ url=null ,addedOrder=2}
14:25:40,453 DEBUG [RepositoryClassLoader] Added url: file:/C:/opt/jboss/server/default/lib/jbossjta.jar, to ucl: org.jboss.mx.loading.UnifiedClassLoader3@1474ea{ url=null ,addedOrder=2}
14:25:40,500 DEBUG [RepositoryClassLoader] Added url: file:/C:/opt/jboss/server/default/lib/jbossmq.jar, to ucl: org.jboss.mx.loading.UnifiedClassLoader3@1474ea{ url=null ,addedOrder=2}
14:25:40,515 DEBUG [RepositoryClassLoader] Added url: file:/C:/opt/jboss/server/default/lib/jbosssx.jar, to ucl: org.jboss.mx.loading.UnifiedClassLoader3@1474ea{ url=null ,addedOrder=2}
14:25:40,531 DEBUG [RepositoryClassLoader] Added url: file:/C:/opt/jboss/server/default/lib/jbossts-common.jar, to ucl: org.jboss.mx.loading.UnifiedClassLoader3@1474ea{ url=null ,addedOrder=2}
14:25:40,531 DEBUG [RepositoryClassLoader] Added url: file:/C:/opt/jboss/server/default/lib/jbossws-common.jar, to ucl: org.jboss.mx.loading.UnifiedClassLoader3@1474ea{ url=null ,addedOrder=2}
14:25:40,531 DEBUG [RepositoryClassLoader] Added url: file:/C:/opt/jboss/server/default/lib/jbossws-framework.jar, to ucl: org.jboss.mx.loading.UnifiedClassLoader3@1474ea{ url=null ,addedOrder=2}
14:25:40,546 DEBUG [RepositoryClassLoader] Added url: file:/C:/opt/jboss/server/default/lib/jbossws-jboss42.jar, to ucl: org.jboss.mx.loading.UnifiedClassLoader3@1474ea{ url=null ,addedOrder=2}
14:25:40,546 DEBUG [RepositoryClassLoader] Added url: file:/C:/opt/jboss/server/default/lib/jbossws-spi.jar, to ucl: org.jboss.mx.loading.UnifiedClassLoader3@1474ea{ url=null ,addedOrder=2}
14:25:40,546 DEBUG [RepositoryClassLoader] Added url: file:/C:/opt/jboss/server/default/lib/jmx-adaptor-plugin.jar, to ucl: org.jboss.mx.loading.UnifiedClassLoader3@1474ea{ url=null ,addedOrder=2}
14:25:40,562 DEBUG [RepositoryClassLoader] Added url: file:/C:/opt/jboss/server/default/lib/jnpserver.jar, to ucl: org.jboss.mx.loading.UnifiedClassLoader3@1474ea{ url=null ,addedOrder=2}
14:25:40,562 DEBUG [RepositoryClassLoader] Added url: file:/C:/opt/jboss/server/default/lib/joesnmp.jar, to ucl: org.jboss.mx.loading.UnifiedClassLoader3@1474ea{ url=null ,addedOrder=2}
14:25:40,562 DEBUG [RepositoryClassLoader] Added url: file:/C:/opt/jboss/server/default/lib/jpl-pattern.jar, to ucl: org.jboss.mx.loading.UnifiedClassLoader3@1474ea{ url=null ,addedOrder=2}
14:25:40,562 DEBUG [RepositoryClassLoader] Added url: file:/C:/opt/jboss/server/default/lib/jpl-util.jar, to ucl: org.jboss.mx.loading.UnifiedClassLoader3@1474ea{ url=null ,addedOrder=2}
14:25:40,578 DEBUG [RepositoryClassLoader] Added url: file:/C:/opt/jboss/server/default/lib/jsp-api.jar, to ucl: org.jboss.mx.loading.UnifiedClassLoader3@1474ea{ url=null ,addedOrder=2}
14:25:40,578 DEBUG [RepositoryClassLoader] Added url: file:/C:/opt/jboss/server/default/lib/log4j-snmp-appender.jar, to ucl: org.jboss.mx.loading.UnifiedClassLoader3@1474ea{ url=null ,addedOrder=2}
14:25:40,609 DEBUG [RepositoryClassLoader] Added url: file:/C:/opt/jboss/server/default/lib/log4j.jar, to ucl: org.jboss.mx.loading.UnifiedClassLoader3@1474ea{ url=null ,addedOrder=2}
14:25:40,609 DEBUG [RepositoryClassLoader] Added url: file:/C:/opt/jboss/server/default/lib/mail-plugin.jar, to ucl: org.jboss.mx.loading.UnifiedClassLoader3@1474ea{ url=null ,addedOrder=2}
14:25:40,640 DEBUG [RepositoryClassLoader] Added url: file:/C:/opt/jboss/server/default/lib/mail.jar, to ucl: org.jboss.mx.loading.UnifiedClassLoader3@1474ea{ url=null ,addedOrder=2}
14:25:40,640 DEBUG [RepositoryClassLoader] Added url: file:/C:/opt/jboss/server/default/lib/properties-plugin.jar, to ucl: org.jboss.mx.loading.UnifiedClassLoader3@1474ea{ url=null ,addedOrder=2}
14:25:40,671 DEBUG [RepositoryClassLoader] Added url: file:/C:/opt/jboss/server/default/lib/quartz.jar, to ucl: org.jboss.mx.loading.UnifiedClassLoader3@1474ea{ url=null ,addedOrder=2}
14:25:40,671 DEBUG [RepositoryClassLoader] Added url: file:/C:/opt/jboss/server/default/lib/scheduler-plugin-example.jar, to ucl: org.jboss.mx.loading.UnifiedClassLoader3@1474ea{ url=null ,addedOrder=2}
14:25:40,671 DEBUG [RepositoryClassLoader] Added url: file:/C:/opt/jboss/server/default/lib/scheduler-plugin.jar, to ucl: org.jboss.mx.loading.UnifiedClassLoader3@1474ea{ url=null ,addedOrder=2}
14:25:40,671 DEBUG [RepositoryClassLoader] Added url: file:/C:/opt/jboss/server/default/lib/servlet-api.jar, to ucl: org.jboss.mx.loading.UnifiedClassLoader3@1474ea{ url=null ,addedOrder=2}
14:25:40,687 DEBUG [RepositoryClassLoader] Added url: file:/C:/opt/jboss/server/default/lib/xmlentitymgr.jar, to ucl: org.jboss.mx.loading.UnifiedClassLoader3@1474ea{ url=null ,addedOrder=2}
14:25:40,718 DEBUG [RepositoryClassLoader] Added url: file:/C:/opt/jboss/server/default/lib/z.bsh-2.0b2.jar, to ucl: org.jboss.mx.loading.UnifiedClassLoader3@1474ea{ url=null ,addedOrder=2}
14:25:40,828 DEBUG [RepositoryClassLoader] Added url: file:/C:/opt/jboss/server/default/lib/z.castor-1.0.5-xml.jar, to ucl: org.jboss.mx.loading.UnifiedClassLoader3@1474ea{ url=null ,addedOrder=2}
14:25:40,828 DEBUG [RepositoryClassLoader] Added url: file:/C:/opt/jboss/server/default/lib/z.commons-fileupload.jar, to ucl: org.jboss.mx.loading.UnifiedClassLoader3@1474ea{ url=null ,addedOrder=2}
14:25:40,828 DEBUG [RepositoryClassLoader] Added url: file:/C:/opt/jboss/server/default/lib/z.commons-io.jar, to ucl: org.jboss.mx.loading.UnifiedClassLoader3@1474ea{ url=null ,addedOrder=2}
14:25:40,859 DEBUG [RepositoryClassLoader] Added url: file:/C:/opt/jboss/server/default/lib/z.commons-jxpath-1.1.jar, to ucl: org.jboss.mx.loading.UnifiedClassLoader3@1474ea{ url=null ,addedOrder=2}
14:25:40,875 DEBUG [RepositoryClassLoader] Added url: file:/C:/opt/jboss/server/default/lib/z.commons-lang-2.1.jar, to ucl: org.jboss.mx.loading.UnifiedClassLoader3@1474ea{ url=null ,addedOrder=2}
14:25:40,890 DEBUG [RepositoryClassLoader] Added url: file:/C:/opt/jboss/server/default/lib/z.commons-net-1.4.1.jar, to ucl: org.jboss.mx.loading.UnifiedClassLoader3@1474ea{ url=null ,addedOrder=2}
14:25:40,890 DEBUG [RepositoryClassLoader] Added url: file:/C:/opt/jboss/server/default/lib/z.cosnaming-1_2_1.zip, to ucl: org.jboss.mx.loading.UnifiedClassLoader3@1474ea{ url=null ,addedOrder=2}
14:25:40,906 DEBUG [RepositoryClassLoader] Added url: file:/C:/opt/jboss/server/default/lib/z.crimson.jar, to ucl: org.jboss.mx.loading.UnifiedClassLoader3@1474ea{ url=null ,addedOrder=2}
14:25:41,000 DEBUG [RepositoryClassLoader] Added url: file:/C:/opt/jboss/server/default/lib/z.db2jcc.jar, to ucl: org.jboss.mx.loading.UnifiedClassLoader3@1474ea{ url=null ,addedOrder=2}
14:25:41,000 DEBUG [RepositoryClassLoader] Added url: file:/C:/opt/jboss/server/default/lib/z.db2jcc_javax.jar, to ucl: org.jboss.mx.loading.UnifiedClassLoader3@1474ea{ url=null ,addedOrder=2}
14:25:41,000 DEBUG [RepositoryClassLoader] Added url: file:/C:/opt/jboss/server/default/lib/z.db2jcc_license_cu.jar, to ucl: org.jboss.mx.loading.UnifiedClassLoader3@1474ea{ url=null ,addedOrder=2}
14:25:41,000 DEBUG [RepositoryClassLoader] Added url: file:/C:/opt/jboss/server/default/lib/z.dns-1_2.zip, to ucl: org.jboss.mx.loading.UnifiedClassLoader3@1474ea{ url=null ,addedOrder=2}
14:25:41,000 DEBUG [RepositoryClassLoader] Added url: file:/C:/opt/jboss/server/default/lib/z.dsmlv1-1_2.zip, to ucl: org.jboss.mx.loading.UnifiedClassLoader3@1474ea{ url=null ,addedOrder=2}
14:25:41,031 DEBUG [RepositoryClassLoader] Added url: file:/C:/opt/jboss/server/default/lib/z.dwr.jar, to ucl: org.jboss.mx.loading.UnifiedClassLoader3@1474ea{ url=null ,addedOrder=2}
14:25:41,046 DEBUG [RepositoryClassLoader] Added url: file:/C:/opt/jboss/server/default/lib/z.exist-1.2.6-fluent.jar, to ucl: org.jboss.mx.loading.UnifiedClassLoader3@1474ea{ url=null ,addedOrder=2}
14:25:41,062 DEBUG [RepositoryClassLoader] Added url: file:/C:/opt/jboss/server/default/lib/z.exist-1.2.6-optional.jar, to ucl: org.jboss.mx.loading.UnifiedClassLoader3@1474ea{ url=null ,addedOrder=2}
14:25:41,078 DEBUG [RepositoryClassLoader] Added url: file:/C:/opt/jboss/server/default/lib/z.exist-1.2.6-ws-commons-util-1.0.2.jar, to ucl: org.jboss.mx.loading.UnifiedClassLoader3@1474ea{ url=null ,addedOrder=2}
14:25:41,078 DEBUG [RepositoryClassLoader] Added url: file:/C:/opt/jboss/server/default/lib/z.exist-1.2.6-xmldb.jar, to ucl: org.jboss.mx.loading.UnifiedClassLoader3@1474ea{ url=null ,addedOrder=2}
14:25:41,078 DEBUG [RepositoryClassLoader] Added url: file:/C:/opt/jboss/server/default/lib/z.exist-1.2.6-xmlrpc-client-3.1.1.jar, to ucl: org.jboss.mx.loading.UnifiedClassLoader3@1474ea{ url=null ,addedOrder=2}
14:25:41,093 DEBUG [RepositoryClassLoader] Added url: file:/C:/opt/jboss/server/default/lib/z.exist-1.2.6-xmlrpc-common-3.1.1.jar, to ucl: org.jboss.mx.loading.UnifiedClassLoader3@1474ea{ url=null ,addedOrder=2}
14:25:41,093 DEBUG [RepositoryClassLoader] Added url: file:/C:/opt/jboss/server/default/lib/z.exist-1.2.6-xmlrpc-server-3.1.1.jar, to ucl: org.jboss.mx.loading.UnifiedClassLoader3@1474ea{ url=null ,addedOrder=2}
14:25:41,343 DEBUG [RepositoryClassLoader] Added url: file:/C:/opt/jboss/server/default/lib/z.exist-1.2.6.jar, to ucl: org.jboss.mx.loading.UnifiedClassLoader3@1474ea{ url=null ,addedOrder=2}
14:25:41,343 DEBUG [RepositoryClassLoader] Added url: file:/C:/opt/jboss/server/default/lib/z.fscontext-1_2-beta3.zip, to ucl: org.jboss.mx.loading.UnifiedClassLoader3@1474ea{ url=null ,addedOrder=2}
14:25:41,359 DEBUG [RepositoryClassLoader] Added url: file:/C:/opt/jboss/server/default/lib/z.ganymed.jar, to ucl: org.jboss.mx.loading.UnifiedClassLoader3@1474ea{ url=null ,addedOrder=2}
14:25:41,375 DEBUG [RepositoryClassLoader] Added url: file:/C:/opt/jboss/server/default/lib/z.jakarta-oro-2.0.8.jar, to ucl: org.jboss.mx.loading.UnifiedClassLoader3@1474ea{ url=null ,addedOrder=2}
14:25:41,468 DEBUG [RepositoryClassLoader] Added url: file:/C:/opt/jboss/server/default/lib/z.jaxrpc-impl.jar, to ucl: org.jboss.mx.loading.UnifiedClassLoader3@1474ea{ url=null ,addedOrder=2}
14:25:41,468 DEBUG [RepositoryClassLoader] Added url: file:/C:/opt/jboss/server/default/lib/z.jaxrpc-spi.jar, to ucl: org.jboss.mx.loading.UnifiedClassLoader3@1474ea{ url=null ,addedOrder=2}
14:25:41,468 DEBUG [RepositoryClassLoader] Added url: file:/C:/opt/jboss/server/default/lib/z.jazzy-core.jar, to ucl: org.jboss.mx.loading.UnifiedClassLoader3@1474ea{ url=null ,addedOrder=2}
14:25:41,484 DEBUG [RepositoryClassLoader] Added url: file:/C:/opt/jboss/server/default/lib/z.jndi-1_1-ea2-demo.zip, to ucl: org.jboss.mx.loading.UnifiedClassLoader3@1474ea{ url=null ,addedOrder=2}
14:25:41,484 DEBUG [RepositoryClassLoader] Added url: file:/C:/opt/jboss/server/default/lib/z.jndi-1_2_1.zip, to ucl: org.jboss.mx.loading.UnifiedClassLoader3@1474ea{ url=null ,addedOrder=2}
14:25:41,484 DEBUG [RepositoryClassLoader] Added url: file:/C:/opt/jboss/server/default/lib/z.jstl.jar, to ucl: org.jboss.mx.loading.UnifiedClassLoader3@1474ea{ url=null ,addedOrder=2}
14:25:41,796 DEBUG [RepositoryClassLoader] Added url: file:/C:/opt/jboss/server/default/lib/z.jt400.jar, to ucl: org.jboss.mx.loading.UnifiedClassLoader3@1474ea{ url=null ,addedOrder=2}
14:25:41,812 DEBUG [RepositoryClassLoader] Added url: file:/C:/opt/jboss/server/default/lib/z.jtds-1.2.2.jar, to ucl: org.jboss.mx.loading.UnifiedClassLoader3@1474ea{ url=null ,addedOrder=2}
14:25:41,859 DEBUG [RepositoryClassLoader] Added url: file:/C:/opt/jboss/server/default/lib/z.ldap-1_2_4.zip, to ucl: org.jboss.mx.loading.UnifiedClassLoader3@1474ea{ url=null ,addedOrder=2}
14:25:41,875 DEBUG [RepositoryClassLoader] Added url: file:/C:/opt/jboss/server/default/lib/z.mailapi.jar, to ucl: org.jboss.mx.loading.UnifiedClassLoader3@1474ea{ url=null ,addedOrder=2}
14:25:41,875 DEBUG [RepositoryClassLoader] Added url: file:/C:/opt/jboss/server/default/lib/z.mdm.common.lib.jar, to ucl: org.jboss.mx.loading.UnifiedClassLoader3@1474ea{ url=null ,addedOrder=2}
14:25:41,890 DEBUG [RepositoryClassLoader] Added url: file:/C:/opt/jboss/server/default/lib/z.mdm.connector.library.jar, to ucl: org.jboss.mx.loading.UnifiedClassLoader3@1474ea{ url=null ,addedOrder=2}
14:25:41,906 DEBUG [RepositoryClassLoader] Added url: file:/C:/opt/jboss/server/default/lib/z.mdm.core.jar, to ucl: org.jboss.mx.loading.UnifiedClassLoader3@1474ea{ url=null ,addedOrder=2}
14:25:41,921 DEBUG [RepositoryClassLoader] Added url: file:/C:/opt/jboss/server/default/lib/z.mdm.jaas.ldap.jboss.jar, to ucl: org.jboss.mx.loading.UnifiedClassLoader3@1474ea{ url=null ,addedOrder=2}
14:25:41,921 DEBUG [RepositoryClassLoader] Added url: file:/C:/opt/jboss/server/default/lib/z.mdm.jaas.openmdm.jboss.jar, to ucl: org.jboss.mx.loading.UnifiedClassLoader3@1474ea{ url=null ,addedOrder=2}
14:25:41,921 DEBUG [RepositoryClassLoader] Added url: file:/C:/opt/jboss/server/default/lib/z.mdm.migration.jar, to ucl: org.jboss.mx.loading.UnifiedClassLoader3@1474ea{ url=null ,addedOrder=2}
14:25:42,000 DEBUG [RepositoryClassLoader] Added url: file:/C:/opt/jboss/server/default/lib/z.mdm.webapp.core.jar, to ucl: org.jboss.mx.loading.UnifiedClassLoader3@1474ea{ url=null ,addedOrder=2}
14:25:42,000 DEBUG [RepositoryClassLoader] Added url: file:/C:/opt/jboss/server/default/lib/z.mdm.xmldb.jar, to ucl: org.jboss.mx.loading.UnifiedClassLoader3@1474ea{ url=null ,addedOrder=2}
14:25:42,000 DEBUG [RepositoryClassLoader] Added url: file:/C:/opt/jboss/server/default/lib/z.mdm.xmlserver.jar, to ucl: org.jboss.mx.loading.UnifiedClassLoader3@1474ea{ url=null ,addedOrder=2}
14:25:42,062 DEBUG [RepositoryClassLoader] Added url: file:/C:/opt/jboss/server/default/lib/z.mysql-connector-java-5.1.5-bin.jar, to ucl: org.jboss.mx.loading.UnifiedClassLoader3@1474ea{ url=null ,addedOrder=2}
14:25:42,062 DEBUG [RepositoryClassLoader] Added url: file:/C:/opt/jboss/server/default/lib/z.nis-1_2_1.zip, to ucl: org.jboss.mx.loading.UnifiedClassLoader3@1474ea{ url=null ,addedOrder=2}
14:25:42,109 DEBUG [RepositoryClassLoader] Added url: file:/C:/opt/jboss/server/default/lib/z.OB.jar, to ucl: org.jboss.mx.loading.UnifiedClassLoader3@1474ea{ url=null ,addedOrder=2}
14:25:42,125 DEBUG [RepositoryClassLoader] Added url: file:/C:/opt/jboss/server/default/lib/z.OBNaming.jar, to ucl: org.jboss.mx.loading.UnifiedClassLoader3@1474ea{ url=null ,addedOrder=2}
14:25:42,125 DEBUG [RepositoryClassLoader] Added url: file:/C:/opt/jboss/server/default/lib/z.OBUtil.jar, to ucl: org.jboss.mx.loading.UnifiedClassLoader3@1474ea{ url=null ,addedOrder=2}
14:25:42,234 DEBUG [RepositoryClassLoader] Added url: file:/C:/opt/jboss/server/default/lib/z.oracle.ojdbc14-10.2.0.3.0.jar, to ucl: org.jboss.mx.loading.UnifiedClassLoader3@1474ea{ url=null ,addedOrder=2}
14:25:42,296 DEBUG [RepositoryClassLoader] Added url: file:/C:/opt/jboss/server/default/lib/z.poi-3.0.1-FINAL-20070705.jar, to ucl: org.jboss.mx.loading.UnifiedClassLoader3@1474ea{ url=null ,addedOrder=2}
14:25:42,328 DEBUG [RepositoryClassLoader] Added url: file:/C:/opt/jboss/server/default/lib/z.postgresql-8.2dev-501.jdbc3.jar, to ucl: org.jboss.mx.loading.UnifiedClassLoader3@1474ea{ url=null ,addedOrder=2}
14:25:42,328 DEBUG [RepositoryClassLoader] Added url: file:/C:/opt/jboss/server/default/lib/z.relaxngDatatype.jar, to ucl: org.jboss.mx.loading.UnifiedClassLoader3@1474ea{ url=null ,addedOrder=2}
14:25:42,343 DEBUG [RepositoryClassLoader] Added url: file:/C:/opt/jboss/server/default/lib/z.rmiregistry-1_2_1.zip, to ucl: org.jboss.mx.loading.UnifiedClassLoader3@1474ea{ url=null ,addedOrder=2}
14:25:42,343 DEBUG [RepositoryClassLoader] Added url: file:/C:/opt/jboss/server/default/lib/z.saaj-impl.jar, to ucl: org.jboss.mx.loading.UnifiedClassLoader3@1474ea{ url=null ,addedOrder=2}
14:25:42,343 DEBUG [RepositoryClassLoader] Added url: file:/C:/opt/jboss/server/default/lib/z.saxon9-ant.jar, to ucl: org.jboss.mx.loading.UnifiedClassLoader3@1474ea{ url=null ,addedOrder=2}
14:25:42,359 DEBUG [RepositoryClassLoader] Added url: file:/C:/opt/jboss/server/default/lib/z.saxon9-dom.jar, to ucl: org.jboss.mx.loading.UnifiedClassLoader3@1474ea{ url=null ,addedOrder=2}
14:25:42,359 DEBUG [RepositoryClassLoader] Added url: file:/C:/opt/jboss/server/default/lib/z.saxon9-dom4j.jar, to ucl: org.jboss.mx.loading.UnifiedClassLoader3@1474ea{ url=null ,addedOrder=2}
14:25:42,359 DEBUG [RepositoryClassLoader] Added url: file:/C:/opt/jboss/server/default/lib/z.saxon9-jdom.jar, to ucl: org.jboss.mx.loading.UnifiedClassLoader3@1474ea{ url=null ,addedOrder=2}
14:25:42,359 DEBUG [RepositoryClassLoader] Added url: file:/C:/opt/jboss/server/default/lib/z.saxon9-s9api.jar, to ucl: org.jboss.mx.loading.UnifiedClassLoader3@1474ea{ url=null ,addedOrder=2}
14:25:42,359 DEBUG [RepositoryClassLoader] Added url: file:/C:/opt/jboss/server/default/lib/z.saxon9-sql.jar, to ucl: org.jboss.mx.loading.UnifiedClassLoader3@1474ea{ url=null ,addedOrder=2}
14:25:42,359 DEBUG [RepositoryClassLoader] Added url: file:/C:/opt/jboss/server/default/lib/z.saxon9-xom.jar, to ucl: org.jboss.mx.loading.UnifiedClassLoader3@1474ea{ url=null ,addedOrder=2}
14:25:42,359 DEBUG [RepositoryClassLoader] Added url: file:/C:/opt/jboss/server/default/lib/z.saxon9-xpath.jar, to ucl: org.jboss.mx.loading.UnifiedClassLoader3@1474ea{ url=null ,addedOrder=2}
14:25:42,359 DEBUG [RepositoryClassLoader] Added url: file:/C:/opt/jboss/server/default/lib/z.saxon9-xqj.jar, to ucl: org.jboss.mx.loading.UnifiedClassLoader3@1474ea{ url=null ,addedOrder=2}
14:25:42,421 DEBUG [RepositoryClassLoader] Added url: file:/C:/opt/jboss/server/default/lib/z.saxon9.jar, to ucl: org.jboss.mx.loading.UnifiedClassLoader3@1474ea{ url=null ,addedOrder=2}
14:25:42,437 DEBUG [RepositoryClassLoader] Added url: file:/C:/opt/jboss/server/default/lib/z.sqljdbc.jar, to ucl: org.jboss.mx.loading.UnifiedClassLoader3@1474ea{ url=null ,addedOrder=2}
14:25:42,468 DEBUG [RepositoryClassLoader] Added url: file:/C:/opt/jboss/server/default/lib/z.standard.jar, to ucl: org.jboss.mx.loading.UnifiedClassLoader3@1474ea{ url=null ,addedOrder=2}
14:25:42,609 DEBUG [RepositoryClassLoader] Added url: file:/C:/opt/jboss/server/default/lib/z.svnkit.jar, to ucl: org.jboss.mx.loading.UnifiedClassLoader3@1474ea{ url=null ,addedOrder=2}
14:25:42,625 DEBUG [RepositoryClassLoader] Added url: file:/C:/opt/jboss/server/default/lib/z.xsom.jar, to ucl: org.jboss.mx.loading.UnifiedClassLoader3@1474ea{ url=null ,addedOrder=2}
14:25:42,625 DEBUG [MainDeployer] found 0 subpackages of file:/C:/opt/jboss/server/default/conf/jboss-service.xml
14:25:42,625 DEBUG [MainDeployer] Watching new file: file:/C:/opt/jboss/server/default/conf/jboss-service.xml
14:25:42,625 DEBUG [MainDeployer] create step for deployment file:/C:/opt/jboss/server/default/conf/jboss-service.xml
14:25:42,625 DEBUG [SARDeployer] Deploying SAR, create step: url file:/C:/opt/jboss/server/default/conf/jboss-service.xml
14:25:42,625 DEBUG [SARDeployer] Registering service UCL=jmx.loading:UCL=1474ea
14:25:42,640 DEBUG [ServiceCreator] About to create bean: jboss.management.local:j2eeType=J2EEDomain,name=Manager with code: org.jboss.management.j2ee.LocalJBossServerDomain
14:25:42,765 DEBUG [ServiceCreator] Created bean: jboss.management.local:j2eeType=J2EEDomain,name=Manager
14:25:42,765 DEBUG [ServiceConfigurator] MainDeployer set to jboss.system:service=MainDeployer in jboss.management.local:j2eeType=J2EEDomain,name=Manager
14:25:42,765 DEBUG [ServiceConfigurator] SARDeployer set to jboss.system:service=ServiceDeployer in jboss.management.local:j2eeType=J2EEDomain,name=Manager
14:25:42,765 DEBUG [ServiceConfigurator] EARDeployer set to jboss.j2ee:service=EARDeployer in jboss.management.local:j2eeType=J2EEDomain,name=Manager
14:25:42,765 DEBUG [ServiceConfigurator] EJBDeployer set to jboss.ejb:service=EJBDeployer in jboss.management.local:j2eeType=J2EEDomain,name=Manager
14:25:42,781 DEBUG [ServiceConfigurator] RARDeployer set to jboss.jca:service=RARDeployer in jboss.management.local:j2eeType=J2EEDomain,name=Manager
14:25:42,781 DEBUG [ServiceConfigurator] CMDeployer set to jboss.jca:service=ConnectionFactoryDeployer in jboss.management.local:j2eeType=J2EEDomain,name=Manager
14:25:42,781 DEBUG [ServiceConfigurator] WARDeployer set to jboss.web:service=WebServer in jboss.management.local:j2eeType=J2EEDomain,name=Manager
14:25:42,781 DEBUG [ServiceConfigurator] CARDeployer set to jboss.j2ee:service=ClientDeployer in jboss.management.local:j2eeType=J2EEDomain,name=Manager
14:25:42,781 DEBUG [ServiceConfigurator] MailService set to jboss:service=Mail in jboss.management.local:j2eeType=J2EEDomain,name=Manager
14:25:42,781 DEBUG [ServiceConfigurator] JMSService set to jboss.mq:service=DestinationManager in jboss.management.local:j2eeType=J2EEDomain,name=Manager
14:25:42,781 DEBUG [ServiceConfigurator] JNDIService set to jboss:service=Naming in jboss.management.local:j2eeType=J2EEDomain,name=Manager
14:25:42,781 DEBUG [ServiceConfigurator] JTAService set to jboss:service=TransactionManager in jboss.management.local:j2eeType=J2EEDomain,name=Manager
14:25:42,781 DEBUG [ServiceConfigurator] UserTransactionService set to jboss:service=ClientUserTransaction in jboss.management.local:j2eeType=J2EEDomain,name=Manager
14:25:42,781 DEBUG [ServiceConfigurator] RMI_IIOPService set to jboss:service=CorbaORB in jboss.management.local:j2eeType=J2EEDomain,name=Manager
14:25:42,781 DEBUG [ServiceCreator] About to create xmbean object: jboss:service=AttributePersistenceService with code: org.jboss.system.pm.AttributePersistenceService with descriptor: resource:xmdesc/AttributePersistenceService-xmbean.xml
14:25:42,890 DEBUG [ModelMBeanInvoker] Loaded persistence mgr: org.jboss.mx.persistence.ObjectStreamPersistenceManager
14:25:42,890 DEBUG [ObjectStreamPersistenceManager] load, resource:org.jboss.system.pm.AttributePersistenceService@196e136
14:25:42,890 DEBUG [ObjectStreamPersistenceManager] Store file is: C:\opt\jboss\server\default\data\xmbean-attrs\AttributePersistenceService.ser
14:25:42,890 DEBUG [ServiceCreator] Created bean: jboss:service=AttributePersistenceService
14:25:42,890 DEBUG [ServiceCreator] About to create bean: jboss.system:service=ThreadPool with code: org.jboss.util.threadpool.BasicThreadPool
14:25:42,921 DEBUG [ServiceCreator] Created bean: jboss.system:service=ThreadPool
14:25:42,921 DEBUG [ServiceConfigurator] Name set to JBoss System Threads in jboss.system:service=ThreadPool
14:25:42,921 DEBUG [ServiceConfigurator] ThreadGroupName set to System Threads in jboss.system:service=ThreadPool
14:25:42,921 DEBUG [ServiceConfigurator] KeepAliveTime set to 60000 in jboss.system:service=ThreadPool
14:25:42,921 DEBUG [ServiceConfigurator] MaximumPoolSize set to 10 in jboss.system:service=ThreadPool
14:25:42,921 DEBUG [ServiceConfigurator] MaximumQueueSize set to 1000 in jboss.system:service=ThreadPool
14:25:42,921 DEBUG [ServiceConfigurator] BlockingMode set to run in jboss.system:service=ThreadPool
14:25:42,921 DEBUG [ServiceCreator] About to create xmbean object: jboss.system:type=Log4jService,service=Logging with code: org.jboss.logging.Log4jService with descriptor: resource:xmdesc/Log4jService-xmbean.xml
14:25:42,953 DEBUG [ServiceCreator] Created bean: jboss.system:type=Log4jService,service=Logging
14:25:42,953 DEBUG [ServiceConfigurator] ConfigurationURL set to resource:jboss-log4j.xml in jboss.system:type=Log4jService,service=Logging
14:25:42,953 DEBUG [ServiceConfigurator] Log4jQuietMode set to true in jboss.system:type=Log4jService,service=Logging
14:25:42,953 DEBUG [ServiceConfigurator] RefreshPeriod set to 60 in jboss.system:type=Log4jService,service=Logging
14:25:42,953 DEBUG [ServiceCreator] About to create bean: jboss.rmi:type=RMIClassLoader with code: org.jboss.util.property.jmx.SystemPropertyClassValue
14:25:42,968 DEBUG [ServiceCreator] Created bean: jboss.rmi:type=RMIClassLoader
14:25:42,968 DEBUG [ServiceConfigurator] Property set to java.rmi.server.RMIClassLoaderSpi in jboss.rmi:type=RMIClassLoader
14:25:42,968 DEBUG [ServiceConfigurator] ClassName set to org.jboss.system.JBossRMIClassLoader in jboss.rmi:type=RMIClassLoader
14:25:42,968 DEBUG [ServiceCreator] About to create bean: jboss:service=WebService with code: org.jboss.web.WebService
14:25:43,000 DEBUG [ServiceCreator] Created bean: jboss:service=WebService
14:25:43,000 DEBUG [ServiceConfigurator] BindAddress set to 0.0.0.0 in jboss:service=WebService
14:25:43,000 DEBUG [ServiceConfigurator] Port set to 8083 in jboss:service=WebService
14:25:43,000 DEBUG [ServiceConfigurator] Host set to talend-aiming in jboss:service=WebService
14:25:43,000 DEBUG [ServiceConfigurator] DownloadServerClasses set to true in jboss:service=WebService
14:25:43,000 DEBUG [ServiceConfigurator] DownloadResources set to false in jboss:service=WebService
14:25:43,000 DEBUG [ServiceController] recording that jboss:service=WebService depends on jboss.system:service=ThreadPool
14:25:43,000 DEBUG [ServiceConfigurator] considering ThreadPool with object name jboss.system:service=ThreadPool
14:25:43,031 DEBUG [ServiceCreator] About to create xmbean object: jboss:service=NamingBeanImpl with code: org.jnp.server.NamingBeanImpl with descriptor: resource:xmdesc/NamingBean-xmbean.xml
14:25:43,062 DEBUG [ServiceCreator] Created bean: jboss:service=NamingBeanImpl
14:25:43,062 DEBUG [ServiceCreator] About to create xmbean object: jboss:service=Naming with code: org.jboss.naming.NamingService with descriptor: resource:xmdesc/NamingService-xmbean.xml
14:25:43,125 DEBUG [ModelMBeanInvoker] Ignoring obsolete legacy interceptor: org.jboss.mx.interceptor.PersistenceInterceptor2
14:25:43,125 DEBUG [ModelMBeanInvoker] Ignoring obsolete legacy interceptor: org.jboss.mx.interceptor.ModelMBeanInterceptor
14:25:43,125 DEBUG [ModelMBeanInvoker] Ignoring obsolete legacy interceptor: org.jboss.mx.interceptor.ObjectReferenceInterceptor
14:25:43,140 DEBUG [ServiceCreator] Created bean: jboss:service=Naming
14:25:43,140 DEBUG [ServiceConfigurator] CallByValue set to false in jboss:service=Naming
14:25:43,140 DEBUG [ServiceConfigurator] Port set to 1099 in jboss:service=Naming
14:25:43,140 DEBUG [ServiceConfigurator] BindAddress set to 0.0.0.0 in jboss:service=Naming
14:25:43,140 DEBUG [ServiceConfigurator] RmiPort set to 1098 in jboss:service=Naming
14:25:43,140 DEBUG [ServiceConfigurator] RmiBindAddress set to 0.0.0.0 in jboss:service=Naming
14:25:43,140 DEBUG [ServiceController] recording that jboss:service=Naming depends on jboss.system:service=ThreadPool
14:25:43,140 DEBUG [ServiceConfigurator] considering LookupPool with object name jboss.system:service=ThreadPool
14:25:43,140 DEBUG [ServiceController] recording that jboss:service=Naming depends on jboss:service=NamingBeanImpl
14:25:43,140 DEBUG [ServiceConfigurator] considering Naming with object name jboss:service=NamingBeanImpl
14:25:43,156 DEBUG [ServiceCreator] About to create xmbean object: jboss:service=JNDIView with code: org.jboss.naming.JNDIView with descriptor: resource:xmdesc/JNDIView-xmbean.xml
14:25:43,187 DEBUG [ServiceCreator] Created bean: jboss:service=JNDIView
14:25:43,187 DEBUG [ServiceConfigurator] HANamingService set to jboss:service=HAJNDI in jboss:service=JNDIView
14:25:43,187 DEBUG [ServiceCreator] About to create bean: jboss.security:service=SecurityConfig with code: org.jboss.security.plugins.SecurityConfig
14:25:43,203 DEBUG [ServiceCreator] Created bean: jboss.security:service=SecurityConfig
14:25:43,203 DEBUG [ServiceConfigurator] LoginConfig set to jboss.security:service=XMLLoginConfig in jboss.security:service=SecurityConfig
14:25:43,203 DEBUG [ServiceCreator] About to create bean: jboss.security:service=XMLLoginConfig with code: org.jboss.security.auth.login.XMLLoginConfig
14:25:43,218 DEBUG [ServiceCreator] Created bean: jboss.security:service=XMLLoginConfig
14:25:43,218 DEBUG [ServiceConfigurator] ConfigResource set to login-config.xml in jboss.security:service=XMLLoginConfig
14:25:43,218 DEBUG [ServiceCreator] About to create bean: jboss.security:service=JaasSecurityManager with code: org.jboss.security.plugins.JaasSecurityManagerService
14:25:43,250 DEBUG [ServiceCreator] Created bean: jboss.security:service=JaasSecurityManager
14:25:43,250 DEBUG [ServiceConfigurator] ServerMode set to true in jboss.security:service=JaasSecurityManager
14:25:43,250 DEBUG [ServiceConfigurator] SecurityManagerClassName set to org.jboss.security.plugins.JaasSecurityManager in jboss.security:service=JaasSecurityManager
14:25:43,250 DEBUG [ServiceConfigurator] DefaultUnauthenticatedPrincipal set to anonymous in jboss.security:service=JaasSecurityManager
14:25:43,250 DEBUG [ServiceConfigurator] DefaultCacheTimeout set to 1800 in jboss.security:service=JaasSecurityManager
14:25:43,250 DEBUG [ServiceConfigurator] DefaultCacheResolution set to 60 in jboss.security:service=JaasSecurityManager
14:25:43,250 DEBUG [ServiceConfigurator] DeepCopySubjectMode set to false in jboss.security:service=JaasSecurityManager
14:25:43,250 DEBUG [JaasSecurityManagerService] setDeepCopySubjectMode=false
14:25:43,250 DEBUG [ServiceCreator] About to create bean: jboss:service=XidFactory with code: org.jboss.tm.XidFactory
14:25:43,265 DEBUG [ServiceCreator] Created bean: jboss:service=XidFactory
14:25:43,265 DEBUG [ServiceCreator] About to create bean: jboss:service=TransactionManager with code: com.arjuna.ats.jbossatx.jta.TransactionManagerService
14:25:43,484 DEBUG [ServiceCreator] Created bean: jboss:service=TransactionManager
14:25:43,484 DEBUG [ServiceConfigurator] TransactionTimeout set to 300 in jboss:service=TransactionManager
14:25:43,484 DEBUG [ServiceConfigurator] ObjectStoreDir set to C:\opt\jboss\server\default\data/tx-object-store in jboss:service=TransactionManager
14:25:43,484 DEBUG [ServiceCreator] About to create xmbean object: jboss:service=ClientUserTransaction with code: org.jboss.tm.usertx.server.ClientUserTransactionService with descriptor: resource:xmdesc/ClientUserTransaction-xmbean.xml
14:25:43,578 DEBUG [ServiceCreator] Created bean: jboss:service=ClientUserTransaction
14:25:43,578 DEBUG [ServiceCreator] About to create bean: jboss:service=proxyFactory,target=ClientUserTransactionFactory with code: org.jboss.invocation.jrmp.server.JRMPProxyFactory
14:25:43,578 DEBUG [ServiceCreator] Created bean: jboss:service=proxyFactory,target=ClientUserTransactionFactory
14:25:43,593 DEBUG [ServiceConfigurator] InvokerName set to jboss:service=invoker,type=jrmp in jboss:service=proxyFactory,target=ClientUserTransactionFactory
14:25:43,593 DEBUG [ServiceConfigurator] TargetName set to jboss:service=ClientUserTransaction in jboss:service=proxyFactory,target=ClientUserTransactionFactory
14:25:43,593 DEBUG [ServiceConfigurator] JndiName set to UserTransactionSessionFactory in jboss:service=proxyFactory,target=ClientUserTransactionFactory
14:25:43,593 DEBUG [ServiceConfigurator] ExportedInterface set to interface org.jboss.tm.usertx.interfaces.UserTransactionSessionFactory in jboss:service=proxyFactory,target=ClientUserTransactionFactory
14:25:43,609 DEBUG [ServiceConfigurator] ClientInterceptors set to [interceptors: null] in jboss:service=proxyFactory,target=ClientUserTransactionFactory
14:25:43,609 DEBUG [JRMPProxyFactory] added interceptor type: class org.jboss.proxy.ClientMethodInterceptor
14:25:43,609 DEBUG [JRMPProxyFactory] added interceptor type: class org.jboss.invocation.InvokerInterceptor
14:25:43,609 DEBUG [ServiceController] recording that jboss:service=proxyFactory,target=ClientUserTransactionFactory depends on jboss:service=invoker,type=jrmp
14:25:43,609 DEBUG [ServiceConfigurator] considering <anonymous> with object name jboss:service=invoker,type=jrmp
14:25:43,609 DEBUG [ServiceController] recording that jboss:service=ClientUserTransaction depends on jboss:service=proxyFactory,target=ClientUserTransactionFactory
14:25:43,609 DEBUG [ServiceConfigurator] considering <anonymous> with object name jboss:service=proxyFactory,target=ClientUserTransactionFactory
14:25:43,609 DEBUG [ServiceCreator] About to create bean: jboss:service=proxyFactory,target=ClientUserTransaction with code: org.jboss.invocation.jrmp.server.JRMPProxyFactory
14:25:43,609 DEBUG [ServiceCreator] Created bean: jboss:service=proxyFactory,target=ClientUserTransaction
14:25:43,609 DEBUG [ServiceConfigurator] InvokerName set to jboss:service=invoker,type=jrmp in jboss:service=proxyFactory,target=ClientUserTransaction
14:25:43,609 DEBUG [ServiceConfigurator] TargetName set to jboss:service=ClientUserTransaction in jboss:service=proxyFactory,target=ClientUserTransaction
14:25:43,609 DEBUG [ServiceConfigurator] ExportedInterface set to interface org.jboss.tm.usertx.interfaces.UserTransactionSession in jboss:service=proxyFactory,target=ClientUserTransaction
14:25:43,625 DEBUG [ServiceConfigurator] ClientInterceptors set to [interceptors: null] in jboss:service=proxyFactory,target=ClientUserTransaction
14:25:43,625 DEBUG [JRMPProxyFactory] added interceptor type: class org.jboss.proxy.ClientMethodInterceptor
14:25:43,625 DEBUG [JRMPProxyFactory] added interceptor type: class org.jboss.invocation.InvokerInterceptor
14:25:43,625 DEBUG [ServiceController] recording that jboss:service=proxyFactory,target=ClientUserTransaction depends on jboss:service=invoker,type=jrmp
14:25:43,625 DEBUG [ServiceConfigurator] considering <anonymous> with object name jboss:service=invoker,type=jrmp
14:25:43,625 DEBUG [ServiceController] recording that jboss:service=ClientUserTransaction depends on jboss:service=proxyFactory,target=ClientUserTransaction
14:25:43,625 DEBUG [ServiceConfigurator] considering TxProxyName with object name jboss:service=proxyFactory,target=ClientUserTransaction
14:25:43,625 DEBUG [ServiceCreator] About to create bean: jboss:service=invoker,type=unified with code: org.jboss.invocation.unified.server.UnifiedInvoker
14:25:43,640 DEBUG [ServiceCreator] Created bean: jboss:service=invoker,type=unified
14:25:43,640 DEBUG [ServiceController] recording that jboss:service=invoker,type=unified depends on jboss:service=TransactionManager
14:25:43,640 DEBUG [ServiceConfigurator] considering <anonymous> with object name jboss:service=TransactionManager
14:25:43,640 DEBUG [ServiceController] recording that jboss:service=invoker,type=unified depends on jboss.remoting:service=Connector,transport=socket
14:25:43,640 DEBUG [ServiceConfigurator] considering <anonymous> with object name jboss.remoting:service=Connector,transport=socket
14:25:43,640 DEBUG [ServiceCreator] About to create bean: jboss:service=invoker,type=jrmp with code: org.jboss.invocation.jrmp.server.JRMPInvoker
14:25:43,687 DEBUG [ServiceCreator] Created bean: jboss:service=invoker,type=jrmp
14:25:43,687 DEBUG [ServiceConfigurator] RMIObjectPort set to 4444 in jboss:service=invoker,type=jrmp
14:25:43,687 DEBUG [ServiceConfigurator] ServerAddress set to 0.0.0.0 in jboss:service=invoker,type=jrmp
14:25:43,687 DEBUG [ServiceController] recording that jboss:service=invoker,type=jrmp depends on jboss:service=TransactionManager
14:25:43,687 DEBUG [ServiceConfigurator] considering <anonymous> with object name jboss:service=TransactionManager
14:25:43,687 DEBUG [ServiceCreator] About to create bean: jboss:service=invoker,type=local with code: org.jboss.invocation.local.LocalInvoker
14:25:43,703 DEBUG [ServiceCreator] Created bean: jboss:service=invoker,type=local
14:25:43,703 DEBUG [ServiceController] recording that jboss:service=invoker,type=local depends on jboss:service=TransactionManager
14:25:43,703 DEBUG [ServiceConfigurator] considering <anonymous> with object name jboss:service=TransactionManager
14:25:43,703 DEBUG [ServiceCreator] About to create bean: jboss:service=invoker,type=pooled with code: org.jboss.invocation.pooled.server.PooledInvoker
14:25:43,718 DEBUG [ServiceCreator] Created bean: jboss:service=invoker,type=pooled
14:25:43,718 DEBUG [ServiceConfigurator] NumAcceptThreads set to 1 in jboss:service=invoker,type=pooled
14:25:43,718 DEBUG [ServiceConfigurator] MaxPoolSize set to 300 in jboss:service=invoker,type=pooled
14:25:43,718 DEBUG [ServiceConfigurator] ClientMaxPoolSize set to 300 in jboss:service=invoker,type=pooled
14:25:43,718 DEBUG [ServiceConfigurator] SocketTimeout set to 60000 in jboss:service=invoker,type=pooled
14:25:43,718 DEBUG [ServiceConfigurator] ServerBindAddress set to 0.0.0.0 in jboss:service=invoker,type=pooled
14:25:43,718 DEBUG [ServiceConfigurator] ServerBindPort set to 4445 in jboss:service=invoker,type=pooled
14:25:43,718 DEBUG [ServiceConfigurator] ClientConnectAddress set to 0.0.0.0 in jboss:service=invoker,type=pooled
14:25:43,718 DEBUG [ServiceConfigurator] ClientConnectPort set to 0 in jboss:service=invoker,type=pooled
14:25:43,718 DEBUG [ServiceConfigurator] ClientRetryCount set to 1 in jboss:service=invoker,type=pooled
14:25:43,718 DEBUG [ServiceConfigurator] EnableTcpNoDelay set to false in jboss:service=invoker,type=pooled
14:25:43,718 DEBUG [ServiceController] recording that jboss:service=invoker,type=pooled depends on jboss:service=TransactionManager
14:25:43,718 DEBUG [ServiceConfigurator] considering TransactionManagerService with object name jboss:service=TransactionManager
14:25:43,718 DEBUG [ServiceCreator] About to create bean: jboss.remoting:service=NetworkRegistry with code: org.jboss.remoting.network.NetworkRegistry
14:25:43,734 DEBUG [ServiceCreator] Created bean: jboss.remoting:service=NetworkRegistry
14:25:43,734 DEBUG [ServiceCreator] About to create bean: jboss.remoting:service=Connector,transport=socket with code: org.jboss.remoting.transport.Connector
14:25:43,750 DEBUG [ServiceCreator] Created bean: jboss.remoting:service=Connector,transport=socket
14:25:43,750 DEBUG [ServiceConfigurator] Configuration set to [config: null] in jboss.remoting:service=Connector,transport=socket
14:25:43,750 DEBUG [ServiceController] recording that jboss.remoting:service=Connector,transport=socket depends on jboss.remoting:service=NetworkRegistry
14:25:43,750 DEBUG [ServiceConfigurator] considering <anonymous> with object name jboss.remoting:service=NetworkRegistry
14:25:43,750 DEBUG [ServiceCreator] About to create bean: jboss.jdbc:service=metadata with code: org.jboss.ejb.plugins.cmp.jdbc.metadata.MetaDataLibrary
14:25:43,765 DEBUG [ServiceCreator] Created bean: jboss.jdbc:service=metadata
14:25:43,765 DEBUG [ServiceCreator] About to create bean: jboss.deployment:type=DeploymentScanner,flavor=URL with code: org.jboss.deployment.scanner.URLDeploymentScanner
14:25:43,781 DEBUG [ServiceCreator] Created bean: jboss.deployment:type=DeploymentScanner,flavor=URL
14:25:43,781 DEBUG [ServiceController] recording that jboss.deployment:type=DeploymentScanner,flavor=URL depends on jboss.system:service=MainDeployer
14:25:43,781 DEBUG [ServiceConfigurator] considering Deployer with object name jboss.system:service=MainDeployer
14:25:43,796 DEBUG [ServiceConfigurator] URLComparator set to org.jboss.deployment.DeploymentSorter in jboss.deployment:type=DeploymentScanner,flavor=URL
14:25:43,796 DEBUG [ServiceConfigurator] FilterInstance set to org.jboss.deployment.scanner.DeploymentFilter@f221f6 in jboss.deployment:type=DeploymentScanner,flavor=URL
14:25:43,796 DEBUG [ServiceConfigurator] ScanPeriod set to 5000 in jboss.deployment:type=DeploymentScanner,flavor=URL
14:25:43,796 DEBUG [ServiceConfigurator] ScanEnabled set to true in jboss.deployment:type=DeploymentScanner,flavor=URL
14:25:43,796 DEBUG [ServiceConfigurator] URLs set to deploy/ in jboss.deployment:type=DeploymentScanner,flavor=URL
14:25:43,796 DEBUG [URLDeploymentScanner] Adding URL from spec: deploy/
14:25:43,796 DEBUG [URLDeploymentScanner] URL: file:/C:/opt/jboss/server/default/deploy/
14:25:43,796 DEBUG [URLDeploymentScanner] Added url: file:/C:/opt/jboss/server/default/deploy/
14:25:43,796 DEBUG [URLDeploymentScanner] URL list: [file:/C:/opt/jboss/server/default/deploy/]
14:25:43,796 DEBUG [ServiceConfigurator] RecursiveSearch set to true in jboss.deployment:type=DeploymentScanner,flavor=URL
14:25:43,796 DEBUG [ServiceController] Creating service jboss.management.local:j2eeType=J2EEDomain,name=Manager
14:25:43,796 DEBUG [LocalJBossServerDomain] Creating jboss.management.local:j2eeType=J2EEDomain,name=Manager
14:25:43,796 DEBUG [LocalJBossServerDomain] setupJ2EEMBeans(), create J2EEServer instance
14:25:43,812 DEBUG [J2EEDomain] ctor, name: jboss.management.local:name=jboss.management.local,j2eeType=J2EEDomain
14:25:43,812 DEBUG [J2EEDomain] postRegister(), parent: null
14:25:43,828 DEBUG [J2EEServer] postRegister(), parent: jboss.management.local:j2eeType=J2EEDomain,name=jboss.management.local
14:25:43,843 DEBUG [JVM] postRegister(), parent: jboss.management.local:j2eeType=J2EEServer,name=Local
14:25:43,875 DEBUG [LocalJBossServerDomain] Registered as listener of: jboss.system:service=ServiceController
14:25:43,906 DEBUG [LocalJBossServerDomain] Registering with all deployers, mainDeployer=jboss.system:service=MainDeployer
14:25:43,906 DEBUG [LocalJBossServerDomain] Getting current deployers
14:25:43,906 DEBUG [LocalJBossServerDomain] Registering as listener of deployer: jboss.system:service=ServiceDeployer
14:25:43,906 DEBUG [LocalJBossServerDomain] Registering as listener of deployer: jboss.system:service=JARDeployer
14:25:43,906 DEBUG [LocalJBossServerDomain] Created jboss.management.local:j2eeType=J2EEDomain,name=Manager
14:25:43,906 DEBUG [LocalJBossServerDomain] handleNotification: javax.management.Notification[source=jboss.system:service=ServiceController][type=org.jboss.system.ServiceMBean.create][message=]
14:25:43,906 DEBUG [DefaultManagedObjectFactoryMap] Failed to find factory for event: javax.management.Notification[source=jboss.system:service=ServiceController][type=org.jboss.system.ServiceMBean.create][message=]
14:25:43,906 DEBUG [ServiceController] Creating dependent components for: jboss.management.local:j2eeType=J2EEDomain,name=Manager dependents are: []
14:25:43,906 DEBUG [ServiceController] Creating service jboss:service=AttributePersistenceService
14:25:43,906 DEBUG [AttributePersistenceService] Creating jboss:service=AttributePersistenceService
14:25:43,906 DEBUG [AttributePersistenceService] Created jboss:service=AttributePersistenceService
14:25:43,906 DEBUG [LocalJBossServerDomain] handleNotification: javax.management.Notification[source=jboss.system:service=ServiceController][type=org.jboss.system.ServiceMBean.create][message=]
14:25:43,906 DEBUG [DefaultManagedObjectFactoryMap] Failed to find factory for event: javax.management.Notification[source=jboss.system:service=ServiceController][type=org.jboss.system.ServiceMBean.create][message=]
14:25:43,906 DEBUG [ServiceController] Creating dependent components for: jboss:service=AttributePersistenceService dependents are: []
14:25:43,906 DEBUG [ServiceController] Creating service jboss.system:service=ThreadPool
14:25:43,906 DEBUG [LocalJBossServerDomain] handleNotification: javax.management.Notification[source=jboss.system:service=ServiceController][type=org.jboss.system.ServiceMBean.create][message=]
14:25:43,906 DEBUG [DefaultManagedObjectFactoryMap] Failed to find factory for event: javax.management.Notification[source=jboss.system:service=ServiceController][type=org.jboss.system.ServiceMBean.create][message=]
14:25:43,906 DEBUG [ServiceController] Creating dependent components for: jboss.system:service=ThreadPool dependents are: [ObjectName: jboss:service=WebService
  State: CONFIGURED
  I Depend On:
    jboss.system:service=ThreadPool
, ObjectName: jboss:service=Naming
  State: CONFIGURED
  I Depend On:
    jboss.system:service=ThreadPool
    jboss:service=NamingBeanImpl
]
14:25:43,906 DEBUG [ServiceController] Creating service jboss:service=WebService
14:25:43,906 DEBUG [WebService] Creating jboss:service=WebService
14:25:43,906 INFO  [WebService] Using RMI server codebase: http://talend-aiming:8083/
14:25:43,906 DEBUG [WebService] Created jboss:service=WebService
14:25:43,906 DEBUG [LocalJBossServerDomain] handleNotification: javax.management.Notification[source=jboss.system:service=ServiceController][type=org.jboss.system.ServiceMBean.create][message=]
14:25:43,906 DEBUG [DefaultManagedObjectFactoryMap] Failed to find factory for event: javax.management.Notification[source=jboss.system:service=ServiceController][type=org.jboss.system.ServiceMBean.create][message=]
14:25:43,906 DEBUG [ServiceController] Creating dependent components for: jboss:service=WebService dependents are: []
14:25:43,906 DEBUG [ServiceController] Creating service jboss:service=Naming
14:25:43,906 DEBUG [ServiceController] waiting in create of jboss:service=Naming waiting on jboss:service=NamingBeanImpl
14:25:43,906 DEBUG [ServiceController] Creating service jboss.system:type=Log4jService,service=Logging
14:25:43,906 DEBUG [Log4jService] Creating jboss.system:type=Log4jService,service=Logging
14:25:43,906 INFO  [Log4jService$URLWatchTimerTask] Configuring from URL: resource:jboss-log4j.xml
